==============================================================================

Reuben Engine (Version : 0.1.0.309.0)
Build:		0
Build Config Flags:	0x0000002F

------------------------------------------------------------------------------

World Service (Version : 0.5.0.12548.0)
Build:		0

------------------------------------------------------------------------------

Execute File:		D:\MHGLServer\ManagerServicePU.exe
Occurs Time:		2017-09-03 08.01.30.0981
User Name:		Administrator
Computer Name:		iZp2sm9zbkb6r4Z
Operating system:	Unknown Windows Version (6.1.7601)
2 processor(s), type 586
28% memory in use
0 MBytes physical memory
2909 MBytes physical memory free
4094 MBytes paging file
2896 MBytes paging file free
2048 MBytes user address space
1958 MBytes user address space free

------------------------------------------------------------------------------

ERROR: [ 0xE06D7363]
Module:		C:\Windows\syswow64\KERNELBASE.dll
Occurs at:	0023:74CBC54F


------------------------------------------------------------------------------

----------------------------------------
	x86 Registers
----------------------------------------

EAX=0018EB5C  EBX=01E2637C  ECX=00000003  EDX=00000000  ESI=00260F2C
EDI=0018EBEC  EBP=0018EBAC  ESP=0018EB5C  EIP=74CBC54F  FLG=00000206
CS =0023      DS =002B      ES =002B      SS =002B      FS =0053      GS =002B

----------------------------------------
	Stack Trace (Manual)
----------------------------------------

EBP=0x0018EBAC Frame=0x0018EBEC Return=0x0023A7BC Logical_Addr=1000000:FFFFF7BC 
Module=D:\MHGLServer\MSVCR71.dll
	Param1=0xE06D7363 Param2=0x00000001 Param3=0x00000003 Param4=0x0018EBE0 Param5=0x0018EF9C 
	Param6=0x00000004 Param7=0xE06D7363 Param8=0x00000001 Param9=0x00000000 Param10=0x00000000 
EBP=0x0018EBEC Frame=0x0018ED1C Return=0x00462D69 Logical_Addr=1000000:FFFFFD69 
Module=D:\MHGLServer\ManagerServicePU.exe
	Param1=0x0018ECC8 Param2=0x004B9878 Param3=0x01E2637C Param4=0x00000000 Param5=0x01E307A8 
	Param6=0x772558C5 Param7=0x0067F430 Param8=0xFFFFFFFE Param9=0x7720E40C Param10=0x7720E172 
EBP=0x0018ED1C Frame=0x0018FC4C Return=0x0044D935 Logical_Addr=1000000:FFFFF935 
Module=D:\MHGLServer\ManagerServicePU.exe
	Param1=0x0018EF9C Param2=0x00000004 Param3=0x0200F7E8 Param4=0x0200A800 Param5=0x00000004 
	Param6=0x01E2B244 Param7=0x0040264C Param8=0x00000009 Param9=0x01E2B220 Param10=0x004C0B90 
EBP=0x0018FC4C Frame=0x00000000 Return=0x0040C55A Logical_Addr=1000000:FFFFF55A 
Module=D:\MHGLServer\ManagerServicePU.exe
	Param1=0x0200F7E8 Param2=0x013C94FB Param3=0x75D8110C Param4=0x0200A800 Param5=0x0200968C 
	Param6=0x0200A800 Param7=0x0049AF80 Param8=0x00000000 Param9=0x00000000 Param10=0x00000000 

----------------------------------------
	Stack Trace (Using DBGHELP.DLL)
----------------------------------------

74CBC54F 00000000 00000000 00000000

----------------------------------------
	Loaded Modules
----------------------------------------

0x00400000 - 0x004C3000  D:\MHGLServer\ManagerServicePU.exe
0x771E0000 - 0x77360000  C:\Windows\SysWOW64\ntdll.dll
0x75D70000 - 0x75E80000  C:\Windows\syswow64\kernel32.dll
0x74CB0000 - 0x74CF7000  C:\Windows\syswow64\KERNELBASE.dll
0x74610000 - 0x7462C000  C:\Windows\system32\iphlpapi.dll
0x74B60000 - 0x74C0C000  C:\Windows\syswow64\msvcrt.dll
0x75190000 - 0x75196000  C:\Windows\syswow64\NSI.dll
0x74600000 - 0x74607000  C:\Windows\system32\WINNSI.DLL
0x75340000 - 0x75430000  C:\Windows\syswow64\RPCRT4.dll
0x74A80000 - 0x74AE0000  C:\Windows\syswow64\SspiCli.dll
0x74A70000 - 0x74A7C000  C:\Windows\syswow64\CRYPTBASE.dll
0x74C90000 - 0x74CA9000  C:\Windows\SysWOW64\sechost.dll
0x72B60000 - 0x72B92000  C:\Windows\system32\WINMM.dll
0x756F0000 - 0x757F0000  C:\Windows\syswow64\USER32.dll
0x75830000 - 0x758C0000  C:\Windows\syswow64\GDI32.dll
0x771B0000 - 0x771BA000  C:\Windows\syswow64\LPK.dll

----------------------------------------
	Memory Dump
----------------------------------------

Code: 16 bytes starting at (EIP = 00000000)

00000000: Bad Read Pointer
Stack: 4096 bytes starting at (ESP = 0018EB60)

| Address  | 0| 1| 2| 3| 4| 5| 6| 7| 8| 9| A| B| C| D| E| F| **************** |
 0x0018EB60 01 00 00 00 00 00 00 00 4F C5 CB 74 03 00 00 00  ........O..t.... 
 0x0018EB70 20 05 93 19 C8 EC 18 00 78 98 4B 00 7C 63 E2 01   .......x.K.|c.. 
 0x0018EB80 D0 EC 18 00 58 B6 26 00 33 14 23 00 8C D2 24 00  ....X.&.3.#...$. 
 0x0018EB90 F8 A5 00 02 7E C3 24 00 00 00 00 00 8C EB 18 00  ....~.$......... 
 0x0018EBA0 C8 EB 18 00 38 93 48 00 FF FF FF FF EC EB 18 00  ....8.H......... 
 0x0018EBB0 BC A7 23 00 63 73 6D E0 01 00 00 00 03 00 00 00  ..#.csm......... 
 0x0018EBC0 E0 EB 18 00 9C EF 18 00 04 00 00 00 63 73 6D E0  ............csm. 
 0x0018EBD0 01 00 00 00 00 00 00 00 00 00 00 00 03 00 00 00  ................ 
 0x0018EBE0 20 05 93 19 C8 EC 18 00 78 98 4B 00 1C ED 18 00   .......x.K..... 
 0x0018EBF0 69 2D 46 00 C8 EC 18 00 78 98 4B 00 7C 63 E2 01  i-F.....x.K.|c.. 
 0x0018EC00 00 00 00 00 A8 07 E3 01 C5 58 25 77 30 F4 67 00  .........X%w0.g. 
 0x0018EC10 FE FF FF FF 0C E4 20 77 72 E1 20 77 68 AA 00 02  ...... wr. wh... 
 0x0018EC20 64 AA 00 02 00 00 00 00 00 00 00 00 00 00 00 00  d............... 
 0x0018EC30 00 00 00 00 00 00 00 00 00 00 00 00 00 00 00 00  ................ 
 0x0018EC40 00 00 00 00 00 00 00 00 00 00 00 00 00 00 00 00  ................ 
 0x0018EC50 00 00 00 00 00 00 00 00 00 00 00 00 00 00 00 00  ................ 
 0x0018EC60 00 00 00 00 00 00 00 00 00 00 00 00 00 00 00 00  ................ 
 0x0018EC70 00 00 00 00 00 00 00 00 02 00 00 00 00 00 00 00  ................ 
 0x0018EC80 68 AA 00 02 40 2E 64 00 68 AA 00 02 00 00 00 00  h...@.d.h....... 
 0x0018EC90 40 2E 64 00 D4 EC 18 00 ED 3F 21 77 D8 20 2E 77  @.d......?!w. .w 
 0x0018ECA0 04 AA 00 02 64 AA 00 02 00 00 00 00 78 6B E2 01  ....d.......xk.. 
 0x0018ECB0 00 00 00 00 00 00 00 00 38 1E 4C 00 7C 63 E2 01  ........8.L.|c.. 
 0x0018ECC0 48 B1 E2 01 90 96 49 00 58 57 4A 00 02 00 04 E0  H.....I.XWJ..... 
 0x0018ECD0 DC EC 18 00 3C 0A E3 01 D2 42 21 77 68 AA 00 02  ....<....B!wh... 
 0x0018ECE0 00 00 00 00 3D 00 00 00 3F 00 00 00 DD 1E 46 00  ....=...?.....F. 
 0x0018ECF0 00 00 00 02 08 AA 00 02 64 AA 00 02 1C ED 18 00  ........d....... 
 0x0018ED00 00 00 00 00 07 00 00 00 7C 63 E2 01 FC EB 18 00  ........|c...... 
 0x0018ED10 40 FC 18 00 20 3B 49 00 FF FF FF FF 4C FC 18 00  @... ;I.....L... 
 0x0018ED20 35 D9 44 00 9C EF 18 00 04 00 00 00 E8 F7 00 02  5.D............. 
 0x0018ED30 00 A8 00 02 04 00 00 00 44 B2 E2 01 4C 26 40 00  ........D...L&@. 
 0x0018ED40 09 00 00 00 20 B2 E2 01 90 0B 4C 00 B4 08 42 00  .... .....L...B. 
 0x0018ED50 CC F6 18 00 C0 F6 18 00 D8 FE 18 00 4E 0D 42 00  ............N.B. 
 0x0018ED60 00 00 00 00 40 B2 E2 01 00 00 00 00 70 06 4C 00  ....@.......p.L. 
 0x0018ED70 61 19 40 00 70 06 4C 00 00 00 00 00 58 06 4C 00  a.@.p.L.....X.L. 
 0x0018ED80 02 00 00 00 F8 B1 E2 01 90 0B 4C 00 DC 90 00 02  ..........L..... 
 0x0018ED90 37 26 40 00 61 19 40 00 4C 26 40 00 09 00 00 00  7&@.a.@.L&@..... 
 0x0018EDA0 F4 FB 18 00 74 FC 18 00 00 00 00 00 00 00 00 00  ....t........... 
 0x0018EDB0 70 06 4C 00 00 00 00 00 F8 B1 E2 01 00 00 00 00  p.L............. 
 0x0018EDC0 F8 B1 E2 01 00 00 00 00 70 06 4C 00 00 00 00 00  ........p.L..... 
 0x0018EDD0 70 06 4C 00 00 00 00 00 58 06 4C 00 00 00 00 00  p.L.....X.L..... 
 0x0018EDE0 00 00 00 00 00 00 00 00 00 00 00 00 00 00 00 00  ................ 
 0x0018EDF0 00 00 00 00 00 00 00 00 00 00 00 00 20 00 00 00  ............ ... 
 0x0018EE00 00 00 00 00 00 00 00 00 00 00 00 00 02 00 00 00  ................ 
 0x0018EE10 00 00 00 00 00 00 00 00 00 00 00 00 00 00 00 00  ................ 
 0x0018EE20 20 00 00 00 02 00 00 00 00 00 00 00 F8 05 4C 00   .............L. 
 0x0018EE30 00 00 00 00 44 B2 E2 01 44 B2 E2 01 00 00 00 00  ....D...D....... 
 0x0018EE40 44 B2 E2 01 0F 00 00 00 00 00 00 00 20 B2 E2 01  D........... ... 
 0x0018EE50 00 00 00 01 00 00 00 00 20 00 00 00 00 00 00 00  ........ ....... 
 0x0018EE60 00 00 00 00 00 00 00 00 02 00 00 00 00 00 00 00  ................ 
 0x0018EE70 00 00 00 00 00 00 00 00 00 00 00 00 00 00 00 00  ................ 
 0x0018EE80 00 00 00 00 93 83 7D 33 F8 05 4C 00 00 00 00 00  ......}3..L..... 
 0x0018EE90 FC B1 E2 01 FC B1 E2 01 00 00 00 00 2C 99 00 02  ............,... 
 0x0018EEA0 6C 99 00 02 86 30 42 00 08 AA 00 02 00 00 00 01  l....0B......... 
 0x0018EEB0 08 AA 00 02 00 00 00 00 00 00 00 00 00 00 00 00  ................ 
 0x0018EEC0 00 00 00 00 00 00 00 00 00 00 00 00 00 00 00 00  ................ 
 0x0018EED0 00 00 00 00 00 00 00 00 00 00 00 00 00 00 00 00  ................ 
 0x0018EEE0 00 00 00 00 00 00 00 00 00 00 00 00 00 00 00 00  ................ 
 0x0018EEF0 00 00 00 00 00 00 00 00 00 00 00 00 95 48 44 00  .............HD. 
 0x0018EF00 60 12 00 02 88 96 00 02 00 E0 FD 7E 93 83 7D 33  `..........~..}3 
 0x0018EF10 00 00 00 00 00 00 00 00 00 00 00 00 00 00 00 00  ................ 
 0x0018EF20 60 91 00 02 00 00 00 00 04 D1 DA 75 49 0F BE 41  `..........uI..A 
 0x0018EF30 40 B2 E2 01 20 B2 E2 01 54 F0 18 00 00 B0 E2 01  @... ...T....... 
 0x0018EF40 2C EF 18 00 40 B2 E2 01 58 06 4C 00 04 D1 DA 75  ,...@...X.L....u 
 0x0018EF50 6D 0F BE 41 1C B2 E2 01 3C B2 E2 01 54 F0 18 00  m..A....<...T... 
 0x0018EF60 00 B0 E2 01 50 EF 18 00 1C B2 E2 01 58 06 4C 00  ....P.......X.L. 
 0x0018EF70 1C B2 E2 01 70 06 4C 00 58 06 4C 00 D8 FE 18 00  ....p.L.X.L..... 
 0x0018EF80 32 13 40 00 70 06 4C 00 54 F0 18 00 2D 2F 22 00  2.@.p.L.T...-/". 
 0x0018EF90 3C B2 E2 01 BC 26 40 00 24 B2 E2 01 00 00 00 00  <....&@.$....... 
 0x0018EFA0 00 00 EE 02 00 00 EE 02 B8 3C EF 02 00 00 00 00  .........<...... 
 0x0018EFB0 3C E1 41 00 F8 05 4C 00 08 AA 00 02 7F 14 00 00  <.A...L......... 
 0x0018EFC0 00 F0 18 00 FF FF FF FF 00 00 00 00 00 00 00 00  ................ 
 0x0018EFD0 00 00 00 00 01 00 EE 02 00 A8 00 02 3A 1E EE 02  ............:... 
 0x0018EFE0 A8 07 E3 01 7C 63 E2 01 00 00 00 00 38 01 EE 02  ....|c......8... 
 0x0018EFF0 94 F0 18 00 11 A5 21 77 38 01 EE 02 00 00 00 00  ......!w8....... 
 0x0018F000 2C 11 CF 74 49 15 00 5C 7F 14 00 00 00 00 00 00  ,..tI..\........ 
 0x0018F010 38 01 EE 02 00 00 00 00 78 92 EE 02 00 00 00 00  8.......x....... 
 0x0018F020 7F 00 00 00 00 00 00 00 7F 00 00 00 00 00 00 00  ................ 
 0x0018F030 00 00 00 00 00 00 00 00 00 00 00 00 00 00 00 00  ................ 
 0x0018F040 63 00 00 63 D0 5C EF 02 EC 02 00 00 00 00 00 00  c..c.\.......... 
 0x0018F050 C8 3D 89 02 00 00 00 00 7F 00 00 00 00 10 00 00  .=.............. 
 0x0018F060 49 15 00 5C C4 00 EE 02 01 00 00 00 20 F1 18 00  I..\........ ... 
 0x0018F070 03 00 00 00 08 00 00 00 78 92 EE 02 78 92 EE 02  ........x...x... 
 0x0018F080 73 92 EE 02 00 00 00 00 68 F0 18 00 00 00 EE 02  s.......h....... 
 0x0018F090 D8 F0 18 01 DC EF 18 00 49 69 68 35 C4 F2 18 00  ........Iih5.... 
 0x0018F0A0 C5 58 25 77 18 EE 67 00 FE FF FF FF 06 34 21 77  .X%w..g......4!w 
 0x0018F0B0 31 34 21 77 48 06 00 00 50 06 00 00 72 92 EE 02  14!wH...P...r... 
 0x0018F0C0 70 92 EE 02 3C 06 89 02 78 05 89 02 00 00 00 00  p...<...x....... 
 0x0018F0D0 BC F0 18 00 F0 31 89 02 24 F1 18 00 F3 48 E2 75  .....1..$....H.u 
 0x0018F0E0 C1 DE 7E 34 FE FF FF FF CC 3E D8 75 01 3A 7F 33  ..~4.....>.u.:.3 
 0x0018F0F0 E4 02 00 00 98 6C EE 02 00 10 00 00 20 F1 18 00  .....l...... ... 
 0x0018F100 77 3A 7F 33 39 91 18 00 FF FF FF FF B8 F1 18 00  w:.39........... 
 0x0018F110 60 37 89 02 2A 08 7D 33 4D 91 18 00 88 05 89 02  `7..*.}3M....... 
 0x0018F120 03 00 00 00 00 00 00 00 00 00 00 00 3C 06 89 02  ............<... 
 0x0018F130 00 00 00 00 78 92 EE 02 64 F1 18 00 7E 05 7D 33  ....x...d...~.}3 
 0x0018F140 D0 F1 18 00 F8 73 89 02 40 06 00 00 D0 F1 18 00  .....s..@....... 
 0x0018F150 D0 49 89 02 B8 39 89 02 88 F1 18 00 06 18 7A 33  .I...9........z3 
 0x0018F160 08 74 89 02 A6 58 7D 33 B8 39 89 02 65 6D EE 02  .t...X}3.9..em.. 
 0x0018F170 00 00 00 00 16 00 00 79 00 00 00 00 00 00 00 00  .......y........ 
 0x0018F180 A0 F1 18 00 44 73 80 73 10 3A 89 02 32 14 D8 75  ....Ds.s.:..2..u 
 0x0018F190 10 3D 89 02 08 00 00 00 10 3B 89 02 B8 39 89 02  .=.......;...9.. 
 0x0018F1A0 00 00 00 00 B8 39 89 02 E8 F1 18 00 06 18 7A 33  .....9........z3 
 0x0018F1B0 20 3D 89 02 78 16 7D 33 D0 0E 04 00 05 00 00 00   =..x.}3........ 
 0x0018F1C0 20 F7 00 02 00 00 00 02 58 F7 00 02 D0 49 89 02   .......X....I.. 
 0x0018F1D0 10 00 C1 00 B8 39 89 02 00 00 00 00 02 00 00 00  .....9.......... 
 0x0018F1E0 CC F2 18 00 05 00 00 00 00 00 00 02 20 F7 00 02  ............ ... 
 0x0018F1F0 CC F2 18 00 D7 33 21 77 06 34 21 77 B4 D5 5F 77  .....3!w.4!w.._w 
 0x0018F200 F4 F8 00 02 AC 01 00 02 00 00 00 02 50 01 00 02  ............P... 
 0x0018F210 FC F1 18 00 D0 49 89 02 50 01 00 02 DF D2 97 33  .....I..P......3 
 0x0018F220 74 01 00 02 FE FF FF FF 02 00 00 00 00 05 7D 33  t.............}3 
 0x0018F230 50 01 00 02 07 00 00 00 F8 8A E2 01 E0 65 89 02  P............e.. 
 0x0018F240 00 00 00 02 A8 F5 00 02 00 00 00 00 07 00 00 07  ................ 
 0x0018F250 02 00 00 02 28 F7 00 02 F8 1B E2 01 68 0D 00 02  ....(.......h... 
 0x0018F260 38 00 00 00 00 00 00 02 00 00 40 00 A8 F5 00 02  8.........@..... 
 0x0018F270 60 F3 18 00 01 30 21 77 38 01 00 02 DD 2F 21 77  `....0!w8..../!w 
 0x0018F280 18 D4 5F 77 00 00 00 00 00 00 00 02 B0 F5 00 02  .._w............ 
 0x0018F290 28 F7 00 02 0C 00 00 00 28 F7 00 02 28 F7 00 02  (.......(...(... 
 0x0018F2A0 23 F7 00 02 00 00 00 00 B8 FB 00 02 50 01 00 02  #...........P... 
 0x0018F2B0 50 01 00 02 00 00 00 02 50 01 00 02 50 01 00 02  P.......P...P... 
 0x0018F2C0 C5 58 25 77 50 01 00 02 02 00 00 02 02 00 00 02  .X%wP........... 
 0x0018F2D0 86 00 00 86 36 00 00 00 07 00 00 00 88 05 89 02  ....6........... 
 0x0018F2E0 03 00 00 00 03 00 00 00 80 00 00 00 06 00 00 00  ................ 
 0x0018F2F0 08 00 00 00 E2 03 00 E1 36 00 00 00 07 00 00 00  ........6....... 
 0x0018F300 F8 8A E2 01 F8 8A E2 01 38 6F 89 02 00 00 00 00  ........8o...... 
 0x0018F310 C4 26 00 02 00 00 00 00 A0 26 00 02 50 01 00 02  .&.......&..P... 
 0x0018F320 02 00 00 00 B0 F5 00 02 B8 FB 00 02 F8 1B E2 01  ................ 
 0x0018F330 36 00 00 00 00 00 00 00 00 00 00 01 00 00 00 00  6............... 
 0x0018F340 B0 01 00 00 38 00 01 01 80 F2 18 00 84 F2 18 00  ....8........... 
 0x0018F350 CC F3 18 00 C5 58 25 77 38 EE 67 00 FE FF FF FF  .....X%w8.g..... 
 0x0018F360 DD 2F 21 77 D5 2B 21 77 00 00 00 00 B0 F5 00 02  ./!w.+!w........ 
 0x0018F370 B0 F5 00 02 F4 F8 00 02 00 00 00 00 A8 F5 00 02  ................ 
 0x0018F380 94 F3 18 00 AD 14 D8 75 00 00 00 02 00 00 00 00  .......u........ 
 0x0018F390 B0 F5 00 02 DC F3 18 00 93 35 22 00 00 00 00 02  .........5"..... 
 0x0018F3A0 00 00 00 00 98 35 22 00 F4 F8 00 02 61 6F C6 75  .....5".....ao.u 
 0x0018F3B0 00 00 00 00 00 00 00 00 B0 F5 00 02 78 02 00 00  ............x... 
 0x0018F3C0 DC F7 00 02 A8 F3 18 00 AC F3 18 00 58 F6 18 00  ............X... 
 0x0018F3D0 E2 38 22 00 50 F1 25 00 FF FF FF FF 98 35 22 00  .8".P.%......5". 
 0x0018F3E0 B3 5E 41 00 B0 F5 00 02 28 F7 00 02 00 00 00 00  .^A.....(....... 
 0x0018F3F0 00 00 00 00 01 00 00 00 DC 5E 41 00 00 00 00 00  .........^A..... 
 0x0018F400 00 00 00 00 00 00 00 00 EC 45 89 01 00 00 00 00  .........E...... 
 0x0018F410 07 00 00 00 15 00 00 00 00 00 00 00 00 00 00 00  ................ 
 0x0018F420 2C F4 18 00 D2 19 AC 6A 74 3E FE 01 38 F4 18 00  ,......jt>..8... 
 0x0018F430 30 6F 89 02 F0 06 89 02 58 F4 18 00 12 01 7D 33  0o......X.....}3 
 0x0018F440 98 08 89 02 38 6F 89 02 38 6F 89 02 01 00 00 00  ....8o..8o...... 
 0x0018F450 07 00 00 00 38 6F 89 02 94 6C 89 02 01 00 00 00  ....8o...l...... 
 0x0018F460 88 F4 18 00 06 18 7A 33 B0 4B 89 02 97 07 7E 33  ......z3.K....~3 
 0x0018F470 00 00 EE 02 28 8B EE 02 00 00 00 00 CA 00 01 CB  ....(........... 
 0x0018F480 E9 16 98 33 FF FF FF FF B8 F4 18 00 04 D1 DA 75  ...3...........u 
 0x0018F490 AD 14 BE 41 A8 F4 18 00 90 F5 18 00 EA 2C 21 77  ...A.........,!w 
 0x0018F4A0 00 00 EE 02 70 92 EE 02 60 F5 18 00 DD 2F 21 77  ....p...`..../!w 
 0x0018F4B0 E8 D2 5F 77 00 00 00 00 00 00 EE 02 30 8B EE 02  .._w........0... 
 0x0018F4C0 00 00 FC 01 48 28 FE 01 00 00 00 00 60 00 00 60  ....H(......`..` 
 0x0018F4D0 00 00 00 00 C0 28 FE 01 E0 F9 FD 01 28 18 FE 01  .....(......(... 
 0x0018F4E0 00 03 00 00 00 00 FC 01 C0 27 FE 01 00 00 00 00  .........'...... 
 0x0018F4F0 6E 00 00 6E 01 30 21 77 50 28 FE 01 E0 F9 FD 01  n..n.0!wP(...... 
 0x0018F500 28 18 FE 01 70 03 00 00 00 00 FC 01 00 00 00 80  (...p........... 
 0x0018F510 C0 27 FE 01 04 F6 18 00 01 30 21 77 38 01 FC 01  .'.......0!w8... 
 0x0018F520 DD 2F 21 77 7C D1 5F 77 00 00 00 00 00 00 FC 01  ./!w|._w........ 
 0x0018F530 C8 27 FE 01 00 00 FC 01 50 01 FC 01 95 39 7E 33  .'......P....9~3 
 0x0018F540 B0 5E 89 02 50 01 FC 01 02 00 00 02 E0 F9 FD 01  .^..P........... 
 0x0018F550 50 01 FC 01 6E 00 00 00 00 00 FC 01 68 3E FE 01  P...n.......h>.. 
 0x0018F560 00 00 00 00 06 00 00 06 50 01 FC 01 50 3F FE 01  ........P...P?.. 
 0x0018F570 28 18 FE 01 E0 5A FD 01 30 00 00 00 00 00 FC 01  (....Z..0....... 
 0x0018F580 04 00 00 00 68 3E FE 01 78 F6 18 00 01 30 21 77  ....h>..x....0!w 
 0x0018F590 38 01 FC 01 DD 2F 21 77 00 D1 5F 77 00 00 00 00  8..../!w.._w.... 
 0x0018F5A0 00 00 FC 01 70 3E FE 01 E0 F9 FD 01 70 FE 61 00  ....p>......p.a. 
 0x0018F5B0 6E 00 00 00 F4 07 FC 01 00 00 00 00 D0 07 FC 01  n............... 
 0x0018F5C0 C8 27 FE 01 50 01 FC 01 C8 27 FE 01 00 00 FC 01  .'..P....'...... 
 0x0018F5D0 50 01 FC 01 7F 00 00 00 00 00 00 00 50 01 FC 01  P...........P... 
 0x0018F5E0 02 00 00 02 F8 03 00 00 7F 00 00 7F 22 00 00 00  ............"... 
 0x0018F5F0 47 03 00 00 84 F6 18 00 03 00 00 00 38 EE 67 00  G...........8.g. 
 0x0018F600 22 00 00 00 7F 00 00 00 D5 2B 21 77 83 00 00 83  "........+!w.... 
 0x0018F610 22 00 00 00 01 00 00 00 E0 F9 FD 01 2C F6 18 00  "...........,... 
 0x0018F620 7B 3E 21 77 38 42 2E 77 80 01 FC 01 00 00 00 00  {>!w8B.w........ 
 0x0018F630 50 01 FC 01 88 C4 64 00 14 D1 5F 77 70 3E FE 01  P.....d..._wp>.. 
 0x0018F640 C8 27 FE 01 00 00 00 00 22 00 00 00 00 00 00 00  .'......"....... 
 0x0018F650 00 00 00 01 00 00 00 00 10 01 00 00 84 F6 01 01  ................ 
 0x0018F660 98 F5 18 00 28 E6 67 00 84 FE 18 00 C5 58 25 77  ....(.g......X%w 
 0x0018F670 38 EE 67 00 FE FF FF FF DD 2F 21 77 D5 2B 21 77  8.g....../!w.+!w 
 0x0018F680 00 00 00 00 70 3E FE 01 70 3E FE 01 00 00 00 00  ....p>..p>...... 
 0x0018F690 00 00 00 00 68 3E FE 01 AC F6 18 00 AD 14 D8 75  ....h>.........u 
 0x0018F6A0 00 00 FC 01 00 00 00 00 70 3E FE 01 CC F6 18 00  ........p>...... 
 0x0018F6B0 AE 12 C3 6B 00 00 FC 01 00 00 00 00 70 3E FE 01  ...k........p>.. 
 0x0018F6C0 70 3E FE 01 70 3E FE 01 84 FE 18 00 E4 F6 18 00  p>..p>.......... 
 0x0018F6D0 2F 3F AD 6A 00 00 FC 01 70 3E FE 01 88 FB 00 02  /?.j....p>...... 
 0x0018F6E0 7C FB 00 02 F0 F6 18 00 F8 1D AC 6A 70 3E FE 01  |..........jp>.. 
 0x0018F6F0 FC F6 18 00 0B 47 7D 33 7C 3E FE 01 00 00 00 00  .....G}3|>...... 
 0x0018F700 2E 8B 41 00 8C 6C 89 02 8C 6C 89 02 F4 F8 00 02  ..A..l...l...... 
 0x0018F710 7C FB 00 02 00 00 00 00 25 4B 42 00 7C 63 E2 01  |.......%KB.|c.. 
 0x0018F720 98 C5 00 02 10 00 00 00 00 00 00 00 00 00 00 00  ................ 
 0x0018F730 90 0B 4C 00 00 00 00 00 00 00 00 00 00 00 00 00  ..L............. 
 0x0018F740 00 00 00 00 00 00 00 00 00 00 00 00 00 00 00 00  ................ 
 0x0018F750 00 00 00 00 00 00 00 00 00 00 00 00 00 00 00 00  ................ 
 0x0018F760 00 00 00 00 00 00 00 00 00 00 00 00 78 F7 18 00  ............x... 
 0x0018F770 01 00 00 00 CF 3E 21 77 88 F7 18 00 7B 3E 21 77  .....>!w....{>!w 
 0x0018F780 38 42 2E 77 88 C4 64 00 C8 F7 18 00 25 3E 21 77  8B.w..d.....%>!w 
 0x0018F790 88 C4 64 00 B0 D0 5F 77 7C 63 E2 01 7C 63 E2 01  ..d..._w|c..|c.. 
 0x0018F7A0 01 00 00 00 01 00 00 00 88 C4 64 00 00 00 00 00  ..........d..... 
 0x0018F7B0 58 06 4C 00 44 B1 E2 01 FC F9 18 00 C5 58 25 77  X.L.D........X%w 
 0x0018F7C0 28 E6 67 00 FE FF FF FF 80 63 E2 01 CC 22 46 00  (.g......c..."F. 
 0x0018F7D0 80 63 E2 01 E9 22 46 00 00 00 00 00 00 00 00 00  .c..."F......... 
 0x0018F7E0 00 00 00 00 00 00 00 00 70 06 4C 00 7C 63 E2 01  ........p.L.|c.. 
 0x0018F7F0 00 00 00 00 F8 05 4C 00 CC 15 4C 00 00 01 00 00  ......L...L..... 
 0x0018F800 C0 63 E2 01 00 00 00 00 00 00 00 00 00 00 00 00  .c.............. 
 0x0018F810 00 00 00 00 00 00 00 00 00 00 00 00 00 00 00 00  ................ 
 0x0018F820 00 00 00 00 00 00 00 00 00 00 00 00 00 00 00 00  ................ 
 0x0018F830 00 00 00 00 00 00 00 00 00 00 00 00 00 00 00 00  ................ 
 0x0018F840 00 00 00 00 00 00 00 00 00 00 00 00 00 00 00 00  ................ 
 0x0018F850 00 00 00 00 00 00 00 00 00 00 00 00 00 00 00 00  ................ 
 0x0018F860 00 00 00 00 58 06 4C 00 02 00 00 00 7D 42 41 00  ....X.L.....}BA. 
 0x0018F870 3C A1 00 02 44 B2 E2 01 3C A1 00 02 D8 FD 18 00  <...D...<....... 
 0x0018F880 A5 42 41 00 88 15 4C 00 44 B2 E2 01 E0 AF E2 01  .BA...L.D....... 
 0x0018F890 00 00 00 00 70 06 4C 00 00 00 00 00 90 B1 E2 01  ....p.L......... 
 0x0018F8A0 90 B1 E2 01 90 B1 E2 01 00 00 00 00 0C E4 20 77  .............. w 
 0x0018F8B0 4C DE 5F 77 C4 63 E2 01 AC 01 5F 00 00 00 5F 00  L._w.c...._..._. 
 0x0018F8C0 61 00 16 00 01 00 00 00 80 AC E2 01 30 FE 18 00  a...........0... 
 0x0018F8D0 58 06 4C 00 F8 B2 E2 01 AD 4D 47 00 C8 AC E2 01  X.L......MG..... 
 0x0018F8E0 C8 AC E2 01 C8 AC E2 01 38 FE 18 00 D5 4D 47 00  ........8....MG. 
 0x0018F8F0 50 A8 00 02 C8 AC E2 01 64 A8 00 02 88 A0 00 02  P.......d....... 
 0x0018F900 70 06 4C 00 88 A0 00 02 F8 B2 E2 01 F8 B2 E2 01  p.L............. 
 0x0018F910 F8 B2 E2 01 34 AD E2 01 F6 47 46 00 18 4C 84 41  ....4....GF..L.A 
 0x0018F920 70 06 4C 00 80 99 5C 00 48 B1 E2 01 48 B1 E2 01  p.L...\.H...H... 
 0x0018F930 01 00 00 00 48 B1 E2 01 00 00 00 00 C4 63 E2 01  ....H........c.. 
 0x0018F940 C0 63 E2 01 00 00 00 00 04 D1 DA 75 69 19 BE 41  .c.........ui..A 
 0x0018F950 44 B1 E2 01 F8 05 4C 00 01 00 00 00 00 B0 E2 01  D.....L......... 
 0x0018F960 4C F9 18 00 00 00 00 00 44 B1 E2 01 58 06 4C 00  L.......D...X.L. 
 0x0018F970 44 B1 E2 01 01 00 00 00 58 06 4C 00 70 06 4C 00  D.......X.L.p.L. 
 0x0018F980 A0 3C 46 00 70 06 4C 00 7C 63 E2 01 D4 8F 00 02  .<F.p.L.|c...... 
 0x0018F990 E4 8F 00 02 52 3D 46 00 48 B1 E2 01 AC 2F 7F 75  ....R=F.H..../.u 
 0x0018F9A0 80 99 5C 00 80 99 5C 00 88 44 7F 75 34 09 E3 01  ..\...\..D.u4... 
 0x0018F9B0 94 06 59 03 E0 41 5B 00 70 06 4C 00 20 FC 18 00  ..Y..A[.p.L. ... 
 0x0018F9C0 61 19 40 00 D8 04 00 00 7C 63 E2 01 70 5B 40 00  a.@.....|c..p[@. 
 0x0018F9D0 FC F9 18 00 00 00 00 00 04 D1 DA 75 19 1A BE 41  ...........u...A 
 0x0018F9E0 78 63 E2 01 F8 05 4C 00 01 00 00 00 00 60 E2 01  xc....L......`.. 
 0x0018F9F0 DC F9 18 00 4C A9 00 02 78 63 E2 01 88 06 4C 00  ....L...xc....L. 
 0x0018FA00 78 63 E2 01 A0 06 4C 00 88 06 4C 00 90 22 20 77  xc....L...L.." w 
 0x0018FA10 E0 26 46 00 A0 06 4C 00 DC F7 00 02 00 A8 00 02  .&F...L......... 
 0x0018FA20 00 00 00 00 76 27 46 00 4C A9 00 02 B4 B1 E2 01  ....v'F.L....... 
 0x0018FA30 10 00 00 00 B8 9A 00 02 A0 06 4C 00 E8 D3 45 00  ..........L...E. 
 0x0018FA40 C0 63 E2 01 C0 63 E2 01 00 A8 00 02 AC 01 5F 00  .c...c........_. 
 0x0018FA50 00 00 5F 00 62 00 11 00 01 00 00 00 00 00 00 00  .._.b........... 
 0x0018FA60 00 00 00 00 00 00 00 00 00 00 00 00 63 00 0C 00  ............c... 
 0x0018FA70 00 00 00 00 3B 1E 00 00 00 00 00 00 00 00 00 00  ....;........... 
 0x0018FA80 00 00 00 00 60 7B 5F 00 00 00 00 00 20 00 00 00  ....`{_..... ... 
 0x0018FA90 00 00 00 00 00 00 00 00 F8 C5 62 00 50 78 5F 00  ..........b.Px_. 
 0x0018FAA0 70 79 5F 00 20 C3 64 00 18 7D 5F 00 A8 B6 9E 02  py_. .d..}_..... 
 0x0018FAB0 44 FA 18 00 00 00 5F 00 B0 FB 18 00 C5 58 25 77  D....._......X%w 
 0x0018FAC0 30 F4 67 00 FE FF FF FF 0C E4 20 77 72 E1 20 77  0.g....... wr. w 
 0x0018FAD0 BC 09 E3 01 B8 09 E3 01 00 00 00 00 00 00 00 00  ................ 
 0x0018FAE0 00 00 00 00 00 00 00 00 60 7B 5F 00 00 00 00 00  ........`{_..... 
 0x0018FAF0 31 F9 1F 77 CF 2E 08 74 D8 04 00 00 34 01 00 00  1..w...t....4... 
 0x0018FB00 00 00 00 00 00 00 00 00 2C FB 18 00 47 20 01 00  ........,...G .. 
 0x0018FB10 48 FB 18 00 A4 00 00 00 00 00 00 00 00 00 00 00  H............... 
 0x0018FB20 B8 C6 61 00 F0 B6 9E 02 06 2F 08 74 02 00 00 00  ..a....../.t.... 
 0x0018FB30 00 00 00 00 04 D1 DA 75 75 1B BE 41 F4 B2 E2 01  .......uu..A.... 
 0x0018FB40 C8 AC E2 01 50 A8 00 02 00 B0 E2 01 38 FB 18 00  ....P.......8... 
 0x0018FB50 F4 B2 E2 01 58 06 4C 00 F4 B2 E2 01 70 06 4C 00  ....X.L.....p.L. 

----------------------------------------
	Loaded Modules Details
----------------------------------------

Module 1
D:\MHGLServer\MSVCR71.dll
Image Base: 0x7C360000 Image Size: 0x00065000
Checksum:   0x00070DDA Time Stamp: 0x44B451E8
File Size:  409600     File Time:  31/8/2017 14:07:05
Version Information:
	Company:	Microsoft Corporation
	Product:	Microsoft® Visual Studio .NET
	FileDesc:	Microsoft® C Runtime Library
	FileVer:	7.10.6030.0
	ProdVer:	7.10.6030.0

Module 2
D:\MHGLServer\ManagerServicePU.exe
Image Base: 0x00400000 Image Size: 0x000C3000
Checksum:   0x00000000 Time Stamp: 0x4EA92158
File Size:  790528     File Time:  2/12/2011 06:43:50
Version Information:
Retrieve Version Information Failed!!!!

Module 3
C:\Windows\SysWOW64\sqlncli.dll
Image Base: 0x337A0000 Image Size: 0x0021E000
Checksum:   0x00220E93 Time Stamp: 0x434F8757
File Size:  2208016    File Time:  13/10/2005 19:51:26
Version Information:
	Company:	Microsoft Corporation
	Product:	Microsoft SQL Native Client
	FileDesc:	Microsoft SQL Native Client
	FileVer:	2005.90.1399.0
	ProdVer:	9.0.1399.0

Module 4
C:\Windows\SysWOW64\SQLNCLIR.RLL
Image Base: 0x35000000 Image Size: 0x00033000
Checksum:   0x0003B931 Time Stamp: 0x434F60C5
File Size:  205528     File Time:  11/11/2005 10:40:08
Version Information:
	Company:	Microsoft Corporation
	Product:	Microsoft SQL Native Client
	FileDesc:	Microsoft SQL Native Client
	FileVer:	2005.90.1399.0
	ProdVer:	9.0.1399.0

Module 5
C:\Program Files (x86)\Microsoft SQL Server\90\Shared\instapi.dll
Image Base: 0x48060000 Image Size: 0x0000A000
Checksum:   0x0000DF2D Time Stamp: 0x434F63FA
File Size:  35032      File Time:  13/10/2005 18:37:22
Version Information:
	Company:	Microsoft Corporation
	Product:	Microsoft SQL Server
	FileDesc:	SQL Server Instance API DLL
	FileVer:	2005.90.1399.0
	ProdVer:	9.0.1399.0

Module 6
D:\MHGLServer\dbghelp.dll
Image Base: 0x68CC0000 Image Size: 0x000A1000
Checksum:   0x000A32FC Time Stamp: 0x411AC4BF
File Size:  640000     File Time:  2/12/2011 06:43:48
Version Information:
	Company:	Microsoft Corporation
	Product:	Microsoft® Windows® Operating System
	FileDesc:	Windows Image Helper
	FileVer:	5.1.2600.2180
	ProdVer:	5.1.2600.2180

Module 7
C:\Windows\system32\comsvcs.dll
Image Base: 0x6A980000 Image Size: 0x00136000
Checksum:   0x001381C3 Time Stamp: 0x56F58378
File Size:  1241600    File Time:  20/6/2017 13:22:22
Version Information:
	Company:	Microsoft Corporation
	Product:	Microsoft® Windows® Operating System
	FileDesc:	COM+ Services
	FileVer:	2001.12.8531.23403
	ProdVer:	6.1.7601.23403

Module 8
C:\Program Files (x86)\Common Files\System\Ole DB\oledb32.dll
Image Base: 0x6AAC0000 Image Size: 0x000D4000
Checksum:   0x000DF097 Time Stamp: 0x4CE7B974
File Size:  864256     File Time:  21/11/2010 03:24:06
Version Information:
	Company:	Microsoft Corporation
	Product:	Microsoft® Windows® Operating System
	FileDesc:	OLE DB Core Services
	FileVer:	6.1.7601.17514
	ProdVer:	6.1.7601.17514

Module 9
C:\Program Files (x86)\Common Files\System\Ole DB\OLEDB32R.DLL
Image Base: 0x6BC10000 Image Size: 0x00014000
Checksum:   0x00015A91 Time Stamp: 0x4A5BDACD
File Size:  81920      File Time:  14/7/2009 01:09:16
Version Information:
	Company:	Microsoft Corporation
	Product:	Microsoft® Windows® Operating System
	FileDesc:	OLE DB 
	FileVer:	6.1.7600.16385
	ProdVer:	6.1.7600.16385

Module 10
C:\Windows\system32\MSDART.DLL
Image Base: 0x6BC30000 Image Size: 0x0001F000
Checksum:   0x00020F69 Time Stamp: 0x4A5BDA77
File Size:  126976     File Time:  14/7/2009 01:15:43
Version Information:
	Company:	Microsoft Corporation
	Product:	Microsoft® Windows® Operating System
	FileDesc:	OLE DB Runtime Routines
	FileVer:	6.1.7600.16385
	ProdVer:	6.1.7600.16385

Module 11
C:\Windows\system32\netbios.dll
Image Base: 0x6C1F0000 Image Size: 0x00008000
Checksum:   0x0000E9B5 Time Stamp: 0x4A5BC90F
File Size:  14336      File Time:  14/7/2009 01:16:02
Version Information:
	Company:	Microsoft Corporation
	Product:	Microsoft® Windows® Operating System
	FileDesc:	NetBIOS Interface Library
	FileVer:	6.1.7600.16385
	ProdVer:	6.1.7600.16385

Module 12
C:\Windows\system32\dhcpcsvc6.DLL
Image Base: 0x6CB40000 Image Size: 0x0000D000
Checksum:   0x00018E2B Time Stamp: 0x56F582EE
File Size:  43520      File Time:  20/6/2017 13:23:08
Version Information:
	Company:	Microsoft Corporation
	Product:	Microsoft® Windows® Operating System
	FileDesc:	DHCPv6 
	FileVer:	6.1.7601.23403
	ProdVer:	6.1.7601.23403

Module 13
C:\Windows\WinSxS\x86_microsoft.windows.common-controls_6595b64144ccf1df_6.0.7601.23403_none_2b180b30457f196c\Comctl32.dll
Image Base: 0x71E30000 Image Size: 0x0019E000
Checksum:   0x001A85EC Time Stamp: 0x56F5829C
File Size:  1680896    File Time:  20/6/2017 13:22:24
Version Information:
	Company:	Microsoft Corporation
	Product:	Microsoft® Windows® Operating System
	FileDesc:	
	FileVer:	6.10.7601.23403
	ProdVer:	6.1.7601.23403

Module 14
C:\Windows\system32\bcrypt.dll
Image Base: 0x72420000 Image Size: 0x00017000
Checksum:   0x00019442 Time Stamp: 0x5921124A
File Size:  82944      File Time:  20/6/2017 14:12:16
Version Information:
	Company:	Microsoft Corporation
	Product:	Microsoft® Windows® Operating System
	FileDesc:	Windows Cryptographic Primitives Library (Wow64)
	FileVer:	6.1.7601.23816
	ProdVer:	6.1.7601.23816

Module 15
C:\Windows\system32\ntdsapi.dll
Image Base: 0x72440000 Image Size: 0x00018000
Checksum:   0x00020D5A Time Stamp: 0x4A5BDADE
File Size:  90112      File Time:  14/7/2009 01:16:11
Version Information:
	Company:	Microsoft Corporation
	Product:	Microsoft® Windows® Operating System
	FileDesc:	Active Directory Domain Services API
	FileVer:	6.1.7600.16385
	ProdVer:	6.1.7600.16385

Module 16
C:\Windows\SysWOW64\bcryptprimitives.dll
Image Base: 0x72460000 Image Size: 0x0003D000
Checksum:   0x000418E9 Time Stamp: 0x57334D70
File Size:  249352     File Time:  20/6/2017 13:58:08
Version Information:
	Company:	Microsoft Corporation
	Product:	Microsoft® Windows® Operating System
	FileDesc:	Windows Cryptographic Primitives Library
	FileVer:	6.1.7601.23451
	ProdVer:	6.1.7601.23451

Module 17
C:\Windows\system32\ncrypt.dll
Image Base: 0x724A0000 Image Size: 0x00039000
Checksum:   0x0004048F Time Stamp: 0x5921124E
File Size:  223232     File Time:  20/6/2017 14:12:16
Version Information:
	Company:	Microsoft Corporation
	Product:	Microsoft® Windows® Operating System
	FileDesc:	Windows 
	FileVer:	6.1.7601.23816
	ProdVer:	6.1.7601.23816

Module 18
C:\Windows\system32\dhcpcsvc.DLL
Image Base: 0x72510000 Image Size: 0x00012000
Checksum:   0x00018E1A Time Stamp: 0x56F582ED
File Size:  61440      File Time:  20/6/2017 13:23:08
Version Information:
	Company:	Microsoft Corporation
	Product:	Microsoft® Windows® Operating System
	FileDesc:	DHCP 
	FileVer:	6.1.7601.23403
	ProdVer:	6.1.7601.23403

Module 19
C:\Windows\system32\security.dll
Image Base: 0x72560000 Image Size: 0x00003000
Checksum:   0x0000610D Time Stamp: 0x4A5BDB0D
File Size:  4608       File Time:  14/7/2009 01:09:53
Version Information:
	Company:	Microsoft Corporation
	Product:	Microsoft® Windows® Operating System
	FileDesc:	Security Support Provider Interface
	FileVer:	6.1.7600.16385
	ProdVer:	6.1.7600.16385

Module 20
C:\Windows\SysWOW64\schannel.dll
Image Base: 0x72570000 Image Size: 0x00041000
Checksum:   0x0004ADA4 Time Stamp: 0x59211253
File Size:  254464     File Time:  20/6/2017 14:12:17
Version Information:
	Company:	Microsoft Corporation
	Product:	Microsoft® Windows® Operating System
	FileDesc:	TLS / SSL Security Provider
	FileVer:	6.1.7601.23816
	ProdVer:	6.1.7601.23816

Module 21
C:\Windows\SysWOW64\Kerberos.DLL
Image Base: 0x725C0000 Image Size: 0x0008B000
Checksum:   0x00096CB9 Time Stamp: 0x592112E3
File Size:  553472     File Time:  20/6/2017 14:12:14
Version Information:
	Company:	Microsoft Corporation
	Product:	Microsoft® Windows® Operating System
	FileDesc:	Kerberos 
	FileVer:	6.1.7601.23816
	ProdVer:	6.1.7601.23816

Module 22
C:\Windows\system32\cryptdll.dll
Image Base: 0x72650000 Image Size: 0x00011000
Checksum:   0x0001309A Time Stamp: 0x56F58384
File Size:  58368      File Time:  20/6/2017 13:22:21
Version Information:
	Company:	Microsoft Corporation
	Product:	Microsoft® Windows® Operating System
	FileDesc:	Cryptography Manager
	FileVer:	6.1.7601.23403
	ProdVer:	6.1.7601.23403

Module 23
C:\Windows\SysWOW64\msv1_0.DLL
Image Base: 0x72670000 Image Size: 0x00043000
Checksum:   0x000471EE Time Stamp: 0x59211267
File Size:  261120     File Time:  20/6/2017 14:12:17
Version Information:
	Company:	Microsoft Corporation
	Product:	Microsoft® Windows® Operating System
	FileDesc:	Microsoft Authentication Package v1.0
	FileVer:	6.1.7601.23816
	ProdVer:	6.1.7601.23816

Module 24
C:\Windows\system32\credssp.dll
Image Base: 0x726C0000 Image Size: 0x00008000
Checksum:   0x000044E5 Time Stamp: 0x592112D9
File Size:  17408      File Time:  20/6/2017 14:12:14
Version Information:
	Company:	Microsoft Corporation
	Product:	Microsoft® Windows® Operating System
	FileDesc:	Credential Delegation Security Package
	FileVer:	6.1.7601.23816
	ProdVer:	6.1.7601.23816

Module 25
C:\Windows\WinSxS\x86_microsoft.windows.common-controls_6595b64144ccf1df_5.82.7601.18837_none_ec86b8d6858ec0bc\COMCTL32.dll
Image Base: 0x72A80000 Image Size: 0x00084000
Checksum:   0x00081DEE Time Stamp: 0x553A83E2
File Size:  530432     File Time:  20/6/2017 13:50:40
Version Information:
	Company:	Microsoft Corporation
	Product:	Microsoft® Windows® Operating System
	FileDesc:	
	FileVer:	5.82.7601.18837
	ProdVer:	6.1.7601.18837

Module 26
C:\Windows\system32\WINMM.dll
Image Base: 0x72B60000 Image Size: 0x00032000
Checksum:   0x0003EE32 Time Stamp: 0x56F5847E
File Size:  194048     File Time:  20/6/2017 13:22:22
Version Information:
	Company:	Microsoft Corporation
	Product:	Microsoft® Windows® Operating System
	FileDesc:	MCI API DLL
	FileVer:	6.1.7601.23403
	ProdVer:	6.1.7601.23403

Module 27
C:\Windows\system32\apphelp.dll
Image Base: 0x735E0000 Image Size: 0x0004C000
Checksum:   0x00050354 Time Stamp: 0x56F582D7
File Size:  295936     File Time:  20/6/2017 13:22:38
Version Information:
	Company:	Microsoft Corporation
	Product:	Microsoft® Windows® Operating System
	FileDesc:	
	FileVer:	6.1.7601.23403
	ProdVer:	6.1.7601.23403

Module 28
C:\Windows\system32\LOGONCLI.DLL
Image Base: 0x736A0000 Image Size: 0x00022000
Checksum:   0x00020971 Time Stamp: 0x56F58352
File Size:  126976     File Time:  20/6/2017 13:22:10
Version Information:
	Company:	Microsoft Corporation
	Product:	Microsoft® Windows® Operating System
	FileDesc:	Net Logon Client DLL
	FileVer:	6.1.7601.23403
	ProdVer:	6.1.7601.23403

Module 29
C:\Windows\WinSxS\x86_microsoft.vc80.crt_1fc8b3b9a1e18e3b_8.0.50727.4940_none_d08cc06a442b34fc\MSVCR80.dll
Image Base: 0x737F0000 Image Size: 0x0009B000
Checksum:   0x000A606B Time Stamp: 0x4CA2B271
File Size:  632656     File Time:  21/11/2010 03:24:06
Version Information:
	Company:	Microsoft Corporation
	Product:	Microsoft® Visual Studio® 2005
	FileDesc:	Microsoft® C Runtime Library
	FileVer:	8.0.50727.4940
	ProdVer:	8.0.50727.4940

Module 30
C:\Windows\system32\RpcRtRemote.dll
Image Base: 0x73890000 Image Size: 0x0000E000
Checksum:   0x0000D0FE Time Stamp: 0x4CE7992F
File Size:  46080      File Time:  21/11/2010 03:24:14
Version Information:
	Company:	Microsoft Corporation
	Product:	Microsoft® Windows® Operating System
	FileDesc:	Remote RPC Extension
	FileVer:	6.1.7601.17514
	ProdVer:	6.1.7601.17514

Module 31
C:\Windows\system32\rsaenh.dll
Image Base: 0x738A0000 Image Size: 0x0003B000
Checksum:   0x000401A8 Time Stamp: 0x4A5BDAE0
File Size:  242936     File Time:  14/7/2009 01:17:54
Version Information:
	Company:	Microsoft Corporation
	Product:	Microsoft® Windows® Operating System
	FileDesc:	Microsoft Enhanced Cryptographic Provider
	FileVer:	6.1.7600.16385
	ProdVer:	6.1.7600.16385

Module 32
C:\Windows\system32\CRYPTSP.dll
Image Base: 0x73900000 Image Size: 0x00017000
Checksum:   0x0001AF3A Time Stamp: 0x57602197
File Size:  80896      File Time:  20/6/2017 14:12:19
Version Information:
	Company:	Microsoft Corporation
	Product:	Microsoft® Windows® Operating System
	FileDesc:	Cryptographic Service Provider API
	FileVer:	6.1.7601.23471
	ProdVer:	6.1.7601.23471

Module 33
C:\Windows\SysWOW64\wkscli.dll
Image Base: 0x739E0000 Image Size: 0x0000F000
Checksum:   0x00010D3B Time Stamp: 0x4CE795A7
File Size:  47104      File Time:  21/11/2010 03:24:02
Version Information:
	Company:	Microsoft Corporation
	Product:	Microsoft® Windows® Operating System
	FileDesc:	Workstation Service Client DLL
	FileVer:	6.1.7601.17514
	ProdVer:	6.1.7601.17514

Module 34
C:\Windows\SysWOW64\srvcli.dll
Image Base: 0x739F0000 Image Size: 0x00019000
Checksum:   0x00017D8F Time Stamp: 0x4CE7BA1F
File Size:  90112      File Time:  21/11/2010 03:24:19
Version Information:
	Company:	Microsoft Corporation
	Product:	Microsoft® Windows® Operating System
	FileDesc:	Server Service Client DLL
	FileVer:	6.1.7601.17514
	ProdVer:	6.1.7601.17514

Module 35
C:\Windows\SysWOW64\netutils.dll
Image Base: 0x73A10000 Image Size: 0x00009000
Checksum:   0x0000DBC3 Time Stamp: 0x4CE795A6
File Size:  22528      File Time:  21/11/2010 03:24:17
Version Information:
	Company:	Microsoft Corporation
	Product:	Microsoft® Windows® Operating System
	FileDesc:	Net Win32 API Helpers DLL
	FileVer:	6.1.7601.17514
	ProdVer:	6.1.7601.17514

Module 36
C:\Windows\SysWOW64\NETAPI32.dll
Image Base: 0x73A20000 Image Size: 0x00011000
Checksum:   0x00017F90 Time Stamp: 0x56F583C0
File Size:  56832      File Time:  20/6/2017 13:22:14
Version Information:
	Company:	Microsoft Corporation
	Product:	Microsoft® Windows® Operating System
	FileDesc:	Net Win32 API DLL
	FileVer:	6.1.7601.23403
	ProdVer:	6.1.7601.23403

Module 37
C:\Windows\system32\VERSION.dll
Image Base: 0x73AC0000 Image Size: 0x00009000
Checksum:   0x00006984 Time Stamp: 0x56F58469
File Size:  21504      File Time:  20/6/2017 13:22:02
Version Information:
	Company:	Microsoft Corporation
	Product:	Microsoft® Windows® Operating System
	FileDesc:	Version Checking and File Installation Libraries
	FileVer:	6.1.7601.23403
	ProdVer:	6.1.7601.23403

Module 38
C:\Windows\system32\ATL.DLL
Image Base: 0x73CB0000 Image Size: 0x00014000
Checksum:   0x0001B4FA Time Stamp: 0x4A5BD97A
File Size:  70144      File Time:  14/7/2009 01:14:57
Version Information:
	Company:	Microsoft Corporation
	Product:	Microsoft (R) Visual C++
	FileDesc:	ATL Module for Windows XP (Unicode)
	FileVer:	3.5.2284.0
	ProdVer:	6.5.0.2284

Module 39
C:\Windows\System32\wshtcpip.dll
Image Base: 0x74070000 Image Size: 0x00005000
Checksum:   0x00008A44 Time Stamp: 0x4A5BDB5A
File Size:  9216       File Time:  14/7/2009 01:16:20
Version Information:
	Company:	Microsoft Corporation
	Product:	Microsoft® Windows® Operating System
	FileDesc:	Winsock2 
	FileVer:	6.1.7600.16385
	ProdVer:	6.1.7600.16385

Module 40
C:\Windows\system32\mswsock.dll
Image Base: 0x74080000 Image Size: 0x0003C000
Checksum:   0x0003F0F6 Time Stamp: 0x57334DA8
File Size:  231424     File Time:  20/6/2017 13:56:29
Version Information:
	Company:	Microsoft Corporation
	Product:	Microsoft® Windows® Operating System
	FileDesc:	Microsoft Windows Sockets 2.0 
	FileVer:	6.1.7601.23451
	ProdVer:	6.1.7601.23451

Module 41
C:\Windows\system32\secur32.dll
Image Base: 0x740C0000 Image Size: 0x00008000
Checksum:   0x0000E048 Time Stamp: 0x59211274
File Size:  22016      File Time:  20/6/2017 14:12:17
Version Information:
	Company:	Microsoft Corporation
	Product:	Microsoft® Windows® Operating System
	FileDesc:	Security Support Provider Interface
	FileVer:	6.1.7601.23816
	ProdVer:	6.1.7601.23816

Module 42
C:\Windows\system32\WINNSI.DLL
Image Base: 0x74600000 Image Size: 0x00007000
Checksum:   0x00010C55 Time Stamp: 0x56F5847F
File Size:  16384      File Time:  20/6/2017 13:22:28
Version Information:
	Company:	Microsoft Corporation
	Product:	Microsoft® Windows® Operating System
	FileDesc:	Network Store Information RPC interface
	FileVer:	6.1.7601.23403
	ProdVer:	6.1.7601.23403

Module 43
C:\Windows\system32\iphlpapi.dll
Image Base: 0x74610000 Image Size: 0x0001C000
Checksum:   0x000248DD Time Stamp: 0x56F58332
File Size:  103424     File Time:  20/6/2017 13:22:09
Version Information:
	Company:	Microsoft Corporation
	Product:	Microsoft® Windows® Operating System
	FileDesc:	IP Helper API
	FileVer:	6.1.7601.23403
	ProdVer:	6.1.7601.23403

Module 44
C:\Windows\syswow64\CRYPTBASE.dll
Image Base: 0x74A70000 Image Size: 0x0000C000
Checksum:   0x0001302C Time Stamp: 0x59210CA0
File Size:  36352      File Time:  20/6/2017 14:12:15
Version Information:
	Company:	Microsoft Corporation
	Product:	Microsoft® Windows® Operating System
	FileDesc:	Base cryptographic API DLL
	FileVer:	6.1.7601.23816
	ProdVer:	6.1.7601.23816

Module 45
C:\Windows\syswow64\SspiCli.dll
Image Base: 0x74A80000 Image Size: 0x00060000
Checksum:   0x00022D5E Time Stamp: 0x5921124A
File Size:  96768      File Time:  20/6/2017 14:12:17
Version Information:
	Company:	Microsoft Corporation
	Product:	Microsoft® Windows® Operating System
	FileDesc:	Security Support Provider Interface
	FileVer:	6.1.7601.23816
	ProdVer:	6.1.7601.23816

Module 46
C:\Windows\syswow64\SHLWAPI.dll
Image Base: 0x74AE0000 Image Size: 0x00057000
Checksum:   0x00058D59 Time Stamp: 0x56F58436
File Size:  350720     File Time:  20/6/2017 13:22:10
Version Information:
	Company:	Microsoft Corporation
	Product:	Microsoft® Windows® Operating System
	FileDesc:	
	FileVer:	6.1.7601.23403
	ProdVer:	6.1.7601.23403

Module 47
C:\Windows\syswow64\msvcrt.dll
Image Base: 0x74B60000 Image Size: 0x000AC000
Checksum:   0x000B65C4 Time Stamp: 0x56F583CC
File Size:  689664     File Time:  20/6/2017 13:22:14
Version Information:
	Company:	Microsoft Corporation
	Product:	Microsoft® Windows® Operating System
	FileDesc:	Windows NT CRT DLL
	FileVer:	7.0.7601.23403
	ProdVer:	6.1.8638.23403

Module 48
C:\Windows\syswow64\comdlg32.dll
Image Base: 0x74C10000 Image Size: 0x0007B000
Checksum:   0x0008590F Time Stamp: 0x56F5836F
File Size:  486400     File Time:  20/6/2017 13:22:22
Version Information:
	Company:	Microsoft Corporation
	Product:	Microsoft® Windows® Operating System
	FileDesc:	Common Dialogs DLL
	FileVer:	6.1.7601.23403
	ProdVer:	6.1.7601.23403

Module 49
C:\Windows\SysWOW64\sechost.dll
Image Base: 0x74C90000 Image Size: 0x00019000
Checksum:   0x0001B5D1 Time Stamp: 0x56F58445
File Size:  91648      File Time:  20/6/2017 13:22:10
Version Information:
	Company:	Microsoft Corporation
	Product:	Microsoft® Windows® Operating System
	FileDesc:	Host for SCM/SDDL/LSA Lookup APIs
	FileVer:	6.1.7601.23403
	ProdVer:	6.1.7601.23403

Module 50
C:\Windows\syswow64\KERNELBASE.dll
Image Base: 0x74CB0000 Image Size: 0x00047000
Checksum:   0x0004FD50 Time Stamp: 0x5915F98E
File Size:  275456     File Time:  20/6/2017 14:12:14
Version Information:
	Company:	Microsoft Corporation
	Product:	Microsoft® Windows® Operating System
	FileDesc:	Windows NT 
	FileVer:	6.1.7601.23807
	ProdVer:	6.1.7601.23807

Module 51
C:\Windows\system32\IMM32.DLL
Image Base: 0x74EF0000 Image Size: 0x00060000
Checksum:   0x0002D2A4 Time Stamp: 0x56F5847D
File Size:  119808     File Time:  20/6/2017 13:22:37
Version Information:
	Company:	Microsoft Corporation
	Product:	Microsoft® Windows® Operating System
	FileDesc:	Multi-User Windows IMM32 API Client DLL
	FileVer:	6.1.7601.23403
	ProdVer:	6.1.7601.23403

Module 52
C:\Windows\syswow64\OLEAUT32.dll
Image Base: 0x74F60000 Image Size: 0x00091000
Checksum:   0x0009A3E5 Time Stamp: 0x58F4DB68
File Size:  581632     File Time:  20/6/2017 14:12:16
Version Information:
	Company:	Microsoft Corporation
	Product:	
	FileDesc:	
	FileVer:	6.1.7601.23775
	ProdVer:	6.1.7601.23775

Module 53
C:\Windows\syswow64\NSI.dll
Image Base: 0x75190000 Image Size: 0x00006000
Checksum:   0x00003F67 Time Stamp: 0x56F58416
File Size:  8704       File Time:  20/6/2017 13:22:28
Version Information:
	Company:	Microsoft Corporation
	Product:	Microsoft® Windows® Operating System
	FileDesc:	NSI User-mode interface DLL
	FileVer:	6.1.7601.23403
	ProdVer:	6.1.7601.23403

Module 54
C:\Windows\syswow64\MSCTF.dll
Image Base: 0x751A0000 Image Size: 0x000CD000
Checksum:   0x000DA8B3 Time Stamp: 0x57FD0304
File Size:  829952     File Time:  20/6/2017 14:12:13
Version Information:
	Company:	Microsoft Corporation
	Product:	Microsoft® Windows® Operating System
	FileDesc:	MSCTF 
	FileVer:	6.1.7601.23572
	ProdVer:	6.1.7601.23572

Module 55
C:\Windows\syswow64\ADVAPI32.dll
Image Base: 0x75290000 Image Size: 0x000A1000
Checksum:   0x000A7FA6 Time Stamp: 0x5915F8E1
File Size:  644096     File Time:  20/6/2017 14:12:18
Version Information:
	Company:	Microsoft Corporation
	Product:	Microsoft® Windows® Operating System
	FileDesc:	
	FileVer:	6.1.7601.23807
	ProdVer:	6.1.7601.23807

Module 56
C:\Windows\syswow64\RPCRT4.dll
Image Base: 0x75340000 Image Size: 0x000F0000
Checksum:   0x000B0280 Time Stamp: 0x5921124A
File Size:  666112     File Time:  20/6/2017 14:12:17
Version Information:
	Company:	Microsoft Corporation
	Product:	Microsoft® Windows® Operating System
	FileDesc:	
	FileVer:	6.1.7601.23816
	ProdVer:	6.1.7601.23816

Module 57
C:\Windows\syswow64\USER32.dll
Image Base: 0x756F0000 Image Size: 0x00100000
Checksum:   0x000D565A Time Stamp: 0x58249E1C
File Size:  833024     File Time:  20/6/2017 14:12:28
Version Information:
	Company:	Microsoft Corporation
	Product:	Microsoft® Windows® Operating System
	FileDesc:	
	FileVer:	6.1.7601.23594
	ProdVer:	6.1.7601.23594

Module 58
C:\Windows\syswow64\WS2_32.dll
Image Base: 0x757F0000 Image Size: 0x00035000
Checksum:   0x00035877 Time Stamp: 0x57334D8C
File Size:  206336     File Time:  20/6/2017 13:56:29
Version Information:
	Company:	Microsoft Corporation
	Product:	Microsoft® Windows® Operating System
	FileDesc:	Windows Socket 2.0 32 
	FileVer:	6.1.7601.23451
	ProdVer:	6.1.7601.23451

Module 59
C:\Windows\syswow64\GDI32.dll
Image Base: 0x75830000 Image Size: 0x00090000
Checksum:   0x00053BF8 Time Stamp: 0x5915F8E8
File Size:  313344     File Time:  20/6/2017 14:12:30
Version Information:
	Company:	Microsoft Corporation
	Product:	Microsoft® Windows® Operating System
	FileDesc:	GDI Client DLL
	FileVer:	6.1.7601.23807
	ProdVer:	6.1.7601.23807

Module 60
C:\Windows\syswow64\USP10.dll
Image Base: 0x75B60000 Image Size: 0x0009D000
Checksum:   0x000A2EA6 Time Stamp: 0x5915F8FA
File Size:  629760     File Time:  20/6/2017 14:12:13
Version Information:
	Company:	Microsoft Corporation
	Product:	Microsoft(R) Uniscribe Unicode script processor
	FileDesc:	Uniscribe Unicode script processor
	FileVer:	1.626.7601.23807
	ProdVer:	1.626.7601.23807

Module 61
C:\Windows\syswow64\PSAPI.DLL
Image Base: 0x75C00000 Image Size: 0x00005000
Checksum:   0x0000CCD3 Time Stamp: 0x4A5BDACE
File Size:  6144       File Time:  14/7/2009 01:16:12
Version Information:
	Company:	Microsoft Corporation
	Product:	Microsoft® Windows® Operating System
	FileDesc:	Process Status Helper
	FileVer:	6.1.7600.16385
	ProdVer:	6.1.7600.16385

Module 62
C:\Windows\syswow64\ole32.dll
Image Base: 0x75C10000 Image Size: 0x0015D000
Checksum:   0x00166B0E Time Stamp: 0x58F4DB65
File Size:  1417728    File Time:  20/6/2017 14:12:16
Version Information:
	Company:	Microsoft Corporation
	Product:	Microsoft® Windows® Operating System
	FileDesc:	
	FileVer:	6.1.7601.23775
	ProdVer:	6.1.7601.23775

Module 63
C:\Windows\syswow64\kernel32.dll
Image Base: 0x75D70000 Image Size: 0x00110000
Checksum:   0x0011A808 Time Stamp: 0x5915F98D
File Size:  1114112    File Time:  20/6/2017 14:12:17
Version Information:
	Company:	Microsoft Corporation
	Product:	Microsoft® Windows® Operating System
	FileDesc:	Windows NT 
	FileVer:	6.1.7601.23807
	ProdVer:	6.1.7601.23807

Module 64
C:\Windows\syswow64\MSASN1.dll
Image Base: 0x75F20000 Image Size: 0x0000C000
Checksum:   0x000144BD Time Stamp: 0x56F58390
File Size:  33792      File Time:  20/6/2017 13:22:14
Version Information:
	Company:	Microsoft Corporation
	Product:	Microsoft® Windows® Operating System
	FileDesc:	ASN.1 Runtime APIs
	FileVer:	6.1.7601.23403
	ProdVer:	6.1.7601.23403

Module 65
C:\Windows\syswow64\CLBCatQ.DLL
Image Base: 0x75F30000 Image Size: 0x00083000
Checksum:   0x0008A2D1 Time Stamp: 0x56F582FB
File Size:  522240     File Time:  20/6/2017 13:22:22
Version Information:
	Company:	Microsoft Corporation
	Product:	Microsoft® Windows® Operating System
	FileDesc:	COM+ Configuration Catalog
	FileVer:	2001.12.8531.23403
	ProdVer:	6.1.7601.23403

Module 66
C:\Windows\syswow64\SHELL32.dll
Image Base: 0x75FF0000 Image Size: 0x00C4C000
Checksum:   0x00C4E76A Time Stamp: 0x59132DF1
File Size:  12880896   File Time:  20/6/2017 14:12:28
Version Information:
	Company:	Microsoft Corporation
	Product:	Microsoft® Windows® Operating System
	FileDesc:	Windows 
	FileVer:	6.1.7601.23806
	ProdVer:	6.1.7601.23806

Module 67
C:\Windows\syswow64\CRYPT32.dll
Image Base: 0x76C50000 Image Size: 0x00121000
Checksum:   0x00122F2E Time Stamp: 0x58EE4773
File Size:  1176064    File Time:  20/6/2017 14:12:13
Version Information:
	Company:	Microsoft Corporation
	Product:	Microsoft® Windows® Operating System
	FileDesc:	
	FileVer:	6.1.7601.23769
	ProdVer:	6.1.7601.23769

Module 68
C:\Windows\syswow64\LPK.dll
Image Base: 0x771B0000 Image Size: 0x0000A000
Checksum:   0x0000CD7D Time Stamp: 0x5915F8E8
File Size:  25600      File Time:  20/6/2017 14:12:30
Version Information:
	Company:	Microsoft Corporation
	Product:	Microsoft® Windows® Operating System
	FileDesc:	Language Pack
	FileVer:	6.1.7601.23807
	ProdVer:	6.1.7601.23807

Module 69
C:\Windows\SysWOW64\ntdll.dll
Image Base: 0x771E0000 Image Size: 0x00180000
Checksum:   0x0014B8FF Time Stamp: 0x5915F8E8
File Size:  1314112    File Time:  20/6/2017 14:12:16
Version Information:
	Company:	Microsoft Corporation
	Product:	Microsoft® Windows® Operating System
	FileDesc:	NT 
	FileVer:	6.1.7601.23807
	ProdVer:	6.1.7601.23807

Module 70
D:\MHGLServer\MSVCP71.dll
Image Base: 0x7C3C0000 Image Size: 0x0007C000
Checksum:   0x00085B26 Time Stamp: 0x44B451ED
File Size:  503808     File Time:  2/12/2011 06:43:50
Version Information:
	Company:	Microsoft Corporation
	Product:	Microsoft® Visual Studio .NET
	FileDesc:	Microsoft® C++ Runtime Library
	FileVer:	7.10.6030.0
	ProdVer:	7.10.6030.0

=========[End of D:\MHGLServer\Error\2017-09-03 08.01.30.0871 Crash.log]=========
