==============================================================================

Reuben Engine (Version : 0.1.0.309.0)
Build:		0
Build Config Flags:	0x0000002F

------------------------------------------------------------------------------

Object Service (Version : 0.5.0.12548.0)
Build:		0

------------------------------------------------------------------------------

Execute File:		E:\MHGLServer\ObjectServicePU.exe
Occurs Time:		2017-09-17 00.06.37.0956
User Name:		Administrator
Computer Name:		MYSQL
Operating system:	Unknown Windows Version (6.1.7601)
2 processor(s), type 586
34% memory in use
0 MBytes physical memory
2703 MBytes physical memory free
4094 MBytes paging file
2621 MBytes paging file free
2048 MBytes user address space
1912 MBytes user address space free

------------------------------------------------------------------------------

ERROR: [EXCEPTION_ACCESS_VIOLATION 0xC0000005]
Module:		E:\MHGLServer\ObjectServicePU.exe
Occurs at:	0023:00689A4E

The instruction at "0x00689A4E" referenced memory at "0x002401FC"
The memory could not be "Read"

------------------------------------------------------------------------------

----------------------------------------
	x86 Registers
----------------------------------------

EAX=028CFF78  EBX=002401E4  ECX=002401E4  EDX=00000000  ESI=000003E3
EDI=000000D0  EBP=74D611C0  ESP=028CFECC  EIP=00689A4E  FLG=00010206
CS =0023      DS =002B      ES =002B      SS =002B      FS =0053      GS =002B

----------------------------------------
	Stack Trace (Manual)
----------------------------------------

EBP=0x74D611C0 Frame=0x909005EB Return=0xFF909090 Logical_Addr=0007:FF908090 
Module=Unknown Module
	Param1=0xD60D9C25 Param2=0x90909074 Param3=0x90909090 Param4=0x90909090 Param5=0x90909090 
	Param6=0x90909090 Param7=0x8B55FF8B Param8=0x05EB5DEC Param9=0x90909090 Param10=0x2425FF90 
EBP=0x909005EB Frame=0x00000000 Return=0x00000000 Logical_Addr=0000:FFFFF000 
Module=E:\MHGLServer\ObjectServicePU.exe
	Param1=BadReadPtr Param2=BadReadPtr Param3=BadReadPtr Param4=BadReadPtr Param5=BadReadPtr 
	Param6=BadReadPtr Param7=BadReadPtr Param8=BadReadPtr Param9=BadReadPtr Param10=BadReadPtr 

----------------------------------------
	Stack Trace (Using DBGHELP.DLL)
----------------------------------------

00689A4E 00000000 00000000 00000000

----------------------------------------
	Loaded Modules
----------------------------------------

0x00400000 - 0x00856000  E:\MHGLServer\ObjectServicePU.exe
0x773B0000 - 0x77530000  C:\Windows\SysWOW64\ntdll.dll
0x74D50000 - 0x74E60000  C:\Windows\syswow64\kernel32.dll
0x769B0000 - 0x769F7000  C:\Windows\syswow64\KERNELBASE.dll
0x72C40000 - 0x72C72000  C:\Windows\system32\WINMM.dll
0x76040000 - 0x760EC000  C:\Windows\syswow64\msvcrt.dll
0x76AC0000 - 0x76BC0000  C:\Windows\syswow64\USER32.dll
0x75360000 - 0x753F0000  C:\Windows\syswow64\GDI32.dll
0x75200000 - 0x7520A000  C:\Windows\syswow64\LPK.dll
0x74F80000 - 0x7501D000  C:\Windows\syswow64\USP10.dll
0x76100000 - 0x761A1000  C:\Windows\syswow64\ADVAPI32.dll
0x761B0000 - 0x761C9000  C:\Windows\SysWOW64\sechost.dll
0x74E80000 - 0x74F70000  C:\Windows\syswow64\RPCRT4.dll
0x74C50000 - 0x74CB0000  C:\Windows\syswow64\SspiCli.dll
0x74C40000 - 0x74C4C000  C:\Windows\syswow64\CRYPTBASE.dll
0x753F0000 - 0x7603C000  C:\Windows\syswow64\SHELL32.dll

----------------------------------------
	Memory Dump
----------------------------------------

Code: 16 bytes starting at (EIP = 00000000)

00000000: Bad Read Pointer
Stack: 4096 bytes starting at (ESP = 028CFED0)

| Address  | 0| 1| 2| 3| 4| 5| 6| 7| 8| 9| A| B| C| D| E| F| **************** |
 0x028CFED0 AB D3 D7 74 D0 00 00 00 00 00 00 00 AB D3 D7 74  ...t...........t 
 0x028CFEE0 D0 FE 8C 02 80 1C 87 00 78 FF 8C 02 C5 58 42 77  ........x....XBw 
 0x028CFEF0 60 ED 43 00 FE FF FF FF 08 FF 8C 02 0A 7A 9E 76  `.C..........z.v 
 0x028CFF00 E3 03 00 00 00 00 00 00 24 FF 8C 02 81 77 9B 76  ........$....w.v 
 0x028CFF10 20 01 00 C0 00 00 29 00 00 00 00 00 20 01 00 C0   .....)..... ... 
 0x028CFF20 00 00 00 00 78 FF 8C 02 F0 7F 76 00 FF FF FF FF  ....x.....v..... 
 0x028CFF30 98 B1 68 00 E3 03 00 00 00 00 00 00 E4 01 24 00  ..h...........$. 
 0x028CFF40 00 00 00 00 B8 FA 29 00 88 FF 8C 02 80 1C 87 00  ......)......... 
 0x028CFF50 00 00 00 00 60 E2 75 03 81 B3 36 7C E4 01 24 00  ....`.u...6|..$. 
 0x028CFF60 00 00 00 00 00 00 00 00 80 1C 87 00 05 00 00 C0  ................ 
 0x028CFF70 60 FF 8C 02 24 F9 8C 02 C4 FF 8C 02 E2 38 36 7C  `...$........86| 
 0x028CFF80 30 F6 39 7C 00 00 00 00 94 FF 8C 02 6A 33 D6 74  0.9|........j3.t 
 0x028CFF90 80 1C 87 00 D4 FF 8C 02 02 99 3E 77 80 1C 87 00  ..........>w.... 
 0x028CFFA0 1C DD F2 75 00 00 00 00 00 00 00 00 80 1C 87 00  ...u............ 
 0x028CFFB0 00 00 00 00 00 00 00 00 00 00 00 00 A0 FF 8C 02  ................ 
 0x028CFFC0 00 00 00 00 E4 FF 8C 02 C5 58 42 77 E8 E4 43 00  .........XBw..C. 
 0x028CFFD0 00 00 00 00 EC FF 8C 02 D5 98 3E 77 12 B3 36 7C  ..........>w..6| 
 0x028CFFE0 80 1C 87 00 FF FF FF FF CC 75 47 77 00 00 00 00  .........uGw.... 
 0x028CFFF0 00 00 00 00 12 B3 36 7C 80 1C 87 00 00 00 00 00  ......6|........ 
 0x028D0000 Bad Read Pointer

----------------------------------------
	Loaded Modules Details
----------------------------------------

Module 1
E:\MHGLServer\ObjectServicePU.exe
Image Base: 0x00400000 Image Size: 0x00456000
Checksum:   0x0045D421 Time Stamp: 0x4EA921B3
File Size:  4513792    File Time:  1/7/2017 08:12:11
Version Information:
Retrieve Version Information Failed!!!!

Module 2
C:\Windows\SysWOW64\sqlncli.dll
Image Base: 0x337A0000 Image Size: 0x0021E000
Checksum:   0x00220E93 Time Stamp: 0x434F8757
File Size:  2208016    File Time:  13/10/2005 19:51:26
Version Information:
	Company:	Microsoft Corporation
	Product:	Microsoft SQL Native Client
	FileDesc:	Microsoft SQL Native Client
	FileVer:	2005.90.1399.0
	ProdVer:	9.0.1399.0

Module 3
C:\Windows\SysWOW64\SQLNCLIR.RLL
Image Base: 0x35000000 Image Size: 0x00033000
Checksum:   0x0003B931 Time Stamp: 0x434F60C5
File Size:  205528     File Time:  11/11/2005 10:40:08
Version Information:
	Company:	Microsoft Corporation
	Product:	Microsoft SQL Native Client
	FileDesc:	Microsoft SQL Native Client
	FileVer:	2005.90.1399.0
	ProdVer:	9.0.1399.0

Module 4
C:\Program Files (x86)\Microsoft SQL Server\90\Shared\instapi.dll
Image Base: 0x48060000 Image Size: 0x0000A000
Checksum:   0x0000DF2D Time Stamp: 0x434F63FA
File Size:  35032      File Time:  13/10/2005 18:37:22
Version Information:
	Company:	Microsoft Corporation
	Product:	Microsoft SQL Server
	FileDesc:	SQL Server Instance API DLL
	FileVer:	2005.90.1399.0
	ProdVer:	9.0.1399.0

Module 5
E:\MHGLServer\dbghelp.dll
Image Base: 0x68CC0000 Image Size: 0x000A1000
Checksum:   0x000A32FC Time Stamp: 0x411AC4BF
File Size:  640000     File Time:  2/12/2011 06:43:48
Version Information:
	Company:	Microsoft Corporation
	Product:	Microsoft® Windows® Operating System
	FileDesc:	Windows Image Helper
	FileVer:	5.1.2600.2180
	ProdVer:	5.1.2600.2180

Module 6
C:\Windows\SysWOW64\api-ms-win-downlevel-shell32-l1-1-0.dll
Image Base: 0x6B1B0000 Image Size: 0x00004000
Checksum:   0x00003DE4 Time Stamp: 0x50F322EB
File Size:  3072       File Time:  20/6/2017 12:47:19
Version Information:
	Company:	Microsoft Corporation
	Product:	Microsoft® Windows® Operating System
	FileDesc:	ApiSet Stub DLL
	FileVer:	6.2.9200.16492
	ProdVer:	6.2.9200.16492

Module 7
C:\Windows\SysWOW64\ieframe.dll
Image Base: 0x6B1C0000 Image Size: 0x00D0D000
Checksum:   0x00D160BE Time Stamp: 0x5918A212
File Size:  13664768   File Time:  20/6/2017 14:12:38
Version Information:
	Company:	Microsoft Corporation
	Product:	Internet Explorer
	FileDesc:	Internet 
	FileVer:	11.0.9600.18698
	ProdVer:	11.0.9600.18698

Module 8
C:\Windows\system32\PROPSYS.dll
Image Base: 0x6BED0000 Image Size: 0x000F5000
Checksum:   0x000F5CC1 Time Stamp: 0x56F583FF
File Size:  988160     File Time:  20/6/2017 13:22:11
Version Information:
	Company:	Microsoft Corporation
	Product:	Windows® Search
	FileDesc:	Microsoft 
	FileVer:	7.0.7601.23403
	ProdVer:	7.0.7601.23403

Module 9
C:\Windows\system32\comsvcs.dll
Image Base: 0x6C4E0000 Image Size: 0x00136000
Checksum:   0x001381C3 Time Stamp: 0x56F58378
File Size:  1241600    File Time:  20/6/2017 13:22:22
Version Information:
	Company:	Microsoft Corporation
	Product:	Microsoft® Windows® Operating System
	FileDesc:	COM+ Services
	FileVer:	2001.12.8531.23403
	ProdVer:	6.1.7601.23403

Module 10
C:\Program Files (x86)\Common Files\System\Ole DB\OLEDB32R.DLL
Image Base: 0x6C620000 Image Size: 0x00014000
Checksum:   0x00015A91 Time Stamp: 0x4A5BDACD
File Size:  81920      File Time:  14/7/2009 01:09:16
Version Information:
	Company:	Microsoft Corporation
	Product:	Microsoft® Windows® Operating System
	FileDesc:	OLE DB 
	FileVer:	6.1.7600.16385
	ProdVer:	6.1.7600.16385

Module 11
C:\Program Files (x86)\Common Files\System\Ole DB\oledb32.dll
Image Base: 0x6C640000 Image Size: 0x000D4000
Checksum:   0x000DF097 Time Stamp: 0x4CE7B974
File Size:  864256     File Time:  21/11/2010 03:24:06
Version Information:
	Company:	Microsoft Corporation
	Product:	Microsoft® Windows® Operating System
	FileDesc:	OLE DB Core Services
	FileVer:	6.1.7601.17514
	ProdVer:	6.1.7601.17514

Module 12
C:\Windows\system32\MSDART.DLL
Image Base: 0x6C720000 Image Size: 0x0001F000
Checksum:   0x00020F69 Time Stamp: 0x4A5BDA77
File Size:  126976     File Time:  14/7/2009 01:15:43
Version Information:
