==============================================================================

Reuben Engine (Version : 0.1.0.309.0)
Build:		0
Build Config Flags:	0x0000002F

------------------------------------------------------------------------------

World Service (Version : 0.5.0.12548.0)
Build:		0

------------------------------------------------------------------------------

Execute File:		E:\MHGLServer\WorldServicePU.exe
Occurs Time:		2017-09-28 12.56.53.0142
User Name:		Administrator
Computer Name:		MYSQL
Operating system:	Unknown Windows Version (6.1.7601)
2 processor(s), type 586
24% memory in use
0 MBytes physical memory
3074 MBytes physical memory free
4094 MBytes paging file
2925 MBytes paging file free
2048 MBytes user address space
1967 MBytes user address space free

------------------------------------------------------------------------------

ERROR: [EXCEPTION_ACCESS_VIOLATION 0xC0000005]
Module:		E:\MHGLServer\WorldServicePU.exe
Occurs at:	0023:0056A14E

The instruction at "0x0056A14E" referenced memory at "0x03340670"
The memory could not be "Read"

------------------------------------------------------------------------------

----------------------------------------
	x86 Registers
----------------------------------------

EAX=0288FF78  EBX=03340658  ECX=03340658  EDX=00000000  ESI=000003E3
EDI=000000B0  EBP=75C011C0  ESP=0288FECC  EIP=0056A14E  FLG=00010206
CS =0023      DS =002B      ES =002B      SS =002B      FS =0053      GS =002B

----------------------------------------
	Stack Trace (Manual)
----------------------------------------

EBP=0x75C011C0 Frame=0x909005EB Return=0xFF909090 Logical_Addr=0007:FF908090 
Module=Unknown Module
	Param1=0xC00D9C25 Param2=0x90909075 Param3=0x90909090 Param4=0x90909090 Param5=0x90909090 
	Param6=0x90909090 Param7=0x8B55FF8B Param8=0x05EB5DEC Param9=0x90909090 Param10=0x2425FF90 
EBP=0x909005EB Frame=0x00000000 Return=0x00000000 Logical_Addr=0000:FFFFF000 
Module=E:\MHGLServer\WorldServicePU.exe
	Param1=BadReadPtr Param2=BadReadPtr Param3=BadReadPtr Param4=BadReadPtr Param5=BadReadPtr 
	Param6=BadReadPtr Param7=BadReadPtr Param8=BadReadPtr Param9=BadReadPtr Param10=BadReadPtr 

----------------------------------------
	Stack Trace (Using DBGHELP.DLL)
----------------------------------------

0056A14E 00000000 00000000 00000000

----------------------------------------
	Loaded Modules
----------------------------------------

0x00400000 - 0x00696000  E:\MHGLServer\WorldServicePU.exe
0x77CE0000 - 0x77E60000  C:\Windows\SysWOW64\ntdll.dll
0x75BF0000 - 0x75D00000  C:\Windows\syswow64\kernel32.dll
0x773C0000 - 0x77407000  C:\Windows\syswow64\KERNELBASE.dll
0x73510000 - 0x73542000  C:\Windows\system32\WINMM.dll
0x76FD0000 - 0x7707C000  C:\Windows\syswow64\msvcrt.dll
0x75D00000 - 0x75E00000  C:\Windows\syswow64\USER32.dll
0x75ED0000 - 0x75F60000  C:\Windows\syswow64\GDI32.dll
0x77330000 - 0x7733A000  C:\Windows\syswow64\LPK.dll
0x75900000 - 0x7599D000  C:\Windows\syswow64\USP10.dll
0x75F60000 - 0x76001000  C:\Windows\syswow64\ADVAPI32.dll
0x75840000 - 0x75859000  C:\Windows\SysWOW64\sechost.dll
0x777F0000 - 0x778E0000  C:\Windows\syswow64\RPCRT4.dll
0x75580000 - 0x755E0000  C:\Windows\syswow64\SspiCli.dll
0x75570000 - 0x7557C000  C:\Windows\syswow64\CRYPTBASE.dll
0x761F0000 - 0x76E3C000  C:\Windows\syswow64\SHELL32.dll

----------------------------------------
	Memory Dump
----------------------------------------

Code: 16 bytes starting at (EIP = 00000000)

00000000: Bad Read Pointer
Stack: 4096 bytes starting at (ESP = 0288FED0)

| Address  | 0| 1| 2| 3| 4| 5| 6| 7| 8| 9| A| B| C| D| E| F| **************** |
 0x0288FED0 AB D3 C1 75 B0 00 00 00 00 00 00 00 AB D3 C1 75  ...u...........u 
 0x0288FEE0 D0 FE 88 02 78 1C 89 00 78 FF 88 02 C5 58 D5 77  ....x...x....X.w 
 0x0288FEF0 D3 DD 0A 00 FE FF FF FF 08 FF 88 02 0A 7A 3F 77  .............z?w 
 0x0288FF00 E3 03 00 00 00 00 00 00 24 FF 88 02 81 77 3C 77  ........$....w<w 
 0x0288FF10 20 01 00 C0 00 00 4B 02 00 00 00 00 20 01 00 C0   .....K..... ... 
 0x0288FF20 00 00 00 00 78 FF 88 02 90 5E 60 00 FF FF FF FF  ....x....^`..... 
 0x0288FF30 98 B8 56 00 E3 03 00 00 00 00 00 00 58 06 34 03  ..V.........X.4. 
 0x0288FF40 00 00 00 00 B0 66 89 00 88 FF 88 02 78 1C 89 00  .....f......x... 
 0x0288FF50 00 00 00 00 0C 84 4B 02 81 B3 36 7C 58 06 34 03  ......K...6|X.4. 
 0x0288FF60 00 00 00 00 00 00 00 00 78 1C 89 00 05 00 00 C0  ........x....... 
 0x0288FF70 60 FF 88 02 24 F9 88 02 C4 FF 88 02 E2 38 36 7C  `...$........86| 
 0x0288FF80 30 F6 39 7C 00 00 00 00 94 FF 88 02 6A 33 C0 75  0.9|........j3.u 
 0x0288FF90 78 1C 89 00 D4 FF 88 02 02 99 D1 77 78 1C 89 00  x..........wx... 
 0x0288FFA0 AF ED 52 75 00 00 00 00 00 00 00 00 78 1C 89 00  ..Ru........x... 
 0x0288FFB0 00 00 00 00 00 00 00 00 00 00 00 00 A0 FF 88 02  ................ 
 0x0288FFC0 00 00 00 00 E4 FF 88 02 C5 58 D5 77 5B D4 0A 00  .........X.w[... 
 0x0288FFD0 00 00 00 00 EC FF 88 02 D5 98 D1 77 12 B3 36 7C  ...........w..6| 
 0x0288FFE0 78 1C 89 00 FF FF FF FF CC 75 DA 77 00 00 00 00  x........u.w.... 
 0x0288FFF0 00 00 00 00 12 B3 36 7C 78 1C 89 00 00 00 00 00  ......6|x....... 
 0x02890000 Bad Read Pointer

----------------------------------------
	Loaded Modules Details
----------------------------------------

Module 1
E:\MHGLServer\WorldServicePU.exe
Image Base: 0x00400000 Image Size: 0x00296000
Checksum:   0x00000000 Time Stamp: 0x4EA91FBB
File Size:  2686976    File Time:  2/12/2011 06:43:54
Version Information:
Retrieve Version Information Failed!!!!

Module 2
E:\MHGLServer\dbghelp.dll
Image Base: 0x68CC0000 Image Size: 0x000A1000
Checksum:   0x000A32FC Time Stamp: 0x411AC4BF
File Size:  640000     File Time:  2/12/2011 06:43:48
Version Information:
	Company:	Microsoft Corporation
	Product:	Microsoft® Windows® Operating System
	FileDesc:	Windows Image Helper
	FileVer:	5.1.2600.2180
	ProdVer:	5.1.2600.2180

Module 3
C:\Windows\system32\WINMM.dll
Image Base: 0x73510000 Image Size: 0x00032000
Checksum:   0x0003EE32 Time Stamp: 0x56F5847E
File Size:  194048     File Time:  20/6/2017 13:22:22
Version Information:
	Company:	Microsoft Corporation
	Product:	Microsoft® Windows® Operating System
	FileDesc:	MCI API DLL
	FileVer:	6.1.7601.23403
	ProdVer:	6.1.7601.23403

Module 4
C:\Windows\system32\VERSION.dll
Image Base: 0x74590000 Image Size: 0x00009000
Checksum:   0x00006984 Time Stamp: 0x56F58469
File Size:  21504      File Time:  20/6/2017 13:22:02
Version Information:
	Company:	Microsoft Corporation
	Product:	Microsoft® Windows® Operating System
	FileDesc:	Version Checking and File Installation Libraries
	FileVer:	6.1.7601.23403
	ProdVer:	6.1.7601.23403

Module 5
C:\Windows\system32\mswsock.dll
Image Base: 0x74B30000 Image Size: 0x0003C000
Checksum:   0x0003F0F6 Time Stamp: 0x57334DA8
File Size:  231424     File Time:  20/6/2017 13:56:29
Version Information:
	Company:	Microsoft Corporation
	Product:	Microsoft® Windows® Operating System
	FileDesc:	Microsoft Windows Sockets 2.0 
	FileVer:	6.1.7601.23451
	ProdVer:	6.1.7601.23451

Module 6
C:\Windows\syswow64\CRYPTBASE.dll
Image Base: 0x75570000 Image Size: 0x0000C000
Checksum:   0x000184B2 Time Stamp: 0x595F9F0C
File Size:  36352      File Time:  7/7/2017 14:47:40
Version Information:
	Company:	Microsoft Corporation
	Product:	Microsoft® Windows® Operating System
	FileDesc:	Base cryptographic API DLL
	FileVer:	6.1.7601.23864
	ProdVer:	6.1.7601.23864

Module 7
C:\Windows\syswow64\SspiCli.dll
Image Base: 0x75580000 Image Size: 0x00060000
Checksum:   0x0001840C Time Stamp: 0x595FA490
File Size:  96768      File Time:  7/7/2017 15:11:12
Version Information:
	Company:	Microsoft Corporation
	Product:	Microsoft® Windows® Operating System
	FileDesc:	Security Support Provider Interface
	FileVer:	6.1.7601.23864
	ProdVer:	6.1.7601.23864

Module 8
C:\Windows\SysWOW64\sechost.dll
Image Base: 0x75840000 Image Size: 0x00019000
Checksum:   0x0001B5D1 Time Stamp: 0x56F58445
File Size:  91648      File Time:  20/6/2017 13:22:10
Version Information:
	Company:	Microsoft Corporation
	Product:	Microsoft® Windows® Operating System
	FileDesc:	Host for SCM/SDDL/LSA Lookup APIs
	FileVer:	6.1.7601.23403
	ProdVer:	6.1.7601.23403

Module 9
C:\Windows\syswow64\USP10.dll
Image Base: 0x75900000 Image Size: 0x0009D000
Checksum:   0x000A2EA6 Time Stamp: 0x5915F8FA
File Size:  629760     File Time:  20/6/2017 14:12:13
Version Information:
	Company:	Microsoft Corporation
	Product:	Microsoft(R) Uniscribe Unicode script processor
	FileDesc:	Uniscribe Unicode script processor
	FileVer:	1.626.7601.23807
	ProdVer:	1.626.7601.23807

Module 10
C:\Windows\system32\IMM32.DLL
Image Base: 0x759A0000 Image Size: 0x00060000
Checksum:   0x0002D2A4 Time Stamp: 0x56F5847D
File Size:  119808     File Time:  20/6/2017 13:22:37
Version Information:
	Company:	Microsoft Corporation
	Product:	Microsoft® Windows® Operating System
	FileDesc:	Multi-User Windows IMM32 API Client DLL
	FileVer:	6.1.7601.23403
	ProdVer:	6.1.7601.23403

Module 11
C:\Windows\syswow64\MSCTF.dll
Image Base: 0x75AB0000 Image Size: 0x000CD000
Checksum:   0x000DA8B3 Time Stamp: 0x57FD0304
File Size:  829952     File Time:  20/6/2017 14:12:13
Version Information:
	Company:	Microsoft Corporation
	Product:	Microsoft® Windows® Operating System
	FileDesc:	MSCTF 
	FileVer:	6.1.7601.23572
	ProdVer:	6.1.7601.23572

Module 12
C:\Windows\syswow64\SHLWAPI.dll
Image Base: 0x75B80000 Image Size: 0x00057000
Checksum:   0x00058D59 Time Stamp: 0x56F58436
File Size:  350720     File Time:  20/6/2017 13:22:10
Version Information:
	Company:	Microsoft Corporation
	Product:	Microsoft® Windows® Operating System
	FileDesc:	
	FileVer:	6.1.7601.23403
	ProdVer:	6.1.7601.23403

Module 13
C:\Windows\syswow64\kernel32.dll
Image Base: 0x75BF0000 Image Size: 0x00110000
Checksum:   0x0011DF40 Time Stamp: 0x595FA535
File Size:  1114112    File Time:  7/7/2017 15:11:12
Version Information:
	Company:	Microsoft Corporation
	Product:	Microsoft® Windows® Operating System
	FileDesc:	Windows NT 
	FileVer:	6.1.7601.23864
	ProdVer:	6.1.7601.23864

Module 14
C:\Windows\syswow64\USER32.dll
Image Base: 0x75D00000 Image Size: 0x00100000
Checksum:   0x000D565A Time Stamp: 0x58249E1C
File Size:  833024     File Time:  20/6/2017 14:12:28
Version Information:
	Company:	Microsoft Corporation
	Product:	Microsoft® Windows® Operating System
	FileDesc:	
	FileVer:	6.1.7601.23594
	ProdVer:	6.1.7601.23594

Module 15
C:\Windows\syswow64\NSI.dll
Image Base: 0x75E00000 Image Size: 0x00006000
Checksum:   0x00003F67 Time Stamp: 0x56F58416
File Size:  8704       File Time:  20/6/2017 13:22:28
Version Information:
	Company:	Microsoft Corporation
	Product:	Microsoft® Windows® Operating System
	FileDesc:	NSI User-mode interface DLL
	FileVer:	6.1.7601.23403
	ProdVer:	6.1.7601.23403

Module 16
C:\Windows\syswow64\GDI32.dll
Image Base: 0x75ED0000 Image Size: 0x00090000
Checksum:   0x00053BF8 Time Stamp: 0x5915F8E8
File Size:  313344     File Time:  20/6/2017 14:12:30
Version Information:
	Company:	Microsoft Corporation
	Product:	Microsoft® Windows® Operating System
	FileDesc:	GDI Client DLL
	FileVer:	6.1.7601.23807
	ProdVer:	6.1.7601.23807

Module 17
C:\Windows\syswow64\ADVAPI32.dll
Image Base: 0x75F60000 Image Size: 0x000A1000
Checksum:   0x000A03B1 Time Stamp: 0x595FA480
File Size:  644096     File Time:  7/7/2017 15:10:46
Version Information:
	Company:	Microsoft Corporation
	Product:	Microsoft® Windows® Operating System
	FileDesc:	
	FileVer:	6.1.7601.23864
	ProdVer:	6.1.7601.23864

Module 18
C:\Windows\syswow64\WS2_32.dll
Image Base: 0x76010000 Image Size: 0x00035000
Checksum:   0x00035877 Time Stamp: 0x57334D8C
File Size:  206336     File Time:  20/6/2017 13:56:29
Version Information:
	Company:	Microsoft Corporation
	Product:	Microsoft® Windows® Operating System
	FileDesc:	Windows Socket 2.0 32 
	FileVer:	6.1.7601.23451
	ProdVer:	6.1.7601.23451

Module 19
C:\Windows\syswow64\SHELL32.dll
Image Base: 0x761F0000 Image Size: 0x00C4C000
Checksum:   0x00C4E76A Time Stamp: 0x59132DF1
File Size:  12880896   File Time:  20/6/2017 14:12:28
Version Information:
	Company:	Microsoft Corporation
	Product:	Microsoft® Windows® Operating System
	FileDesc:	Windows 
	FileVer:	6.1.7601.23806
	ProdVer:	6.1.7601.23806

Module 20
C:\Windows\syswow64\msvcrt.dll
Image Base: 0x76FD0000 Image Size: 0x000AC000
Checksum:   0x000B65C4 Time Stamp: 0x56F583CC
File Size:  689664     File Time:  20/6/2017 13:22:14
Version Information:
	Company:	Microsoft Corporation
	Product:	Microsoft® Windows® Operating System
	FileDesc:	Windows NT CRT DLL
	FileVer:	7.0.7601.23403
	ProdVer:	6.1.8638.23403

Module 21
C:\Windows\syswow64\LPK.dll
Image Base: 0x77330000 Image Size: 0x0000A000
Checksum:   0x0000CD7D Time Stamp: 0x5915F8E8
File Size:  25600      File Time:  20/6/2017 14:12:30
Version Information:
	Company:	Microsoft Corporation
	Product:	Microsoft® Windows® Operating System
	FileDesc:	Language Pack
	FileVer:	6.1.7601.23807
	ProdVer:	6.1.7601.23807

Module 22
C:\Windows\syswow64\KERNELBASE.dll
Image Base: 0x773C0000 Image Size: 0x00047000
Checksum:   0x0004E986 Time Stamp: 0x595FA536
File Size:  275456     File Time:  7/7/2017 15:11:12
Version Information:
	Company:	Microsoft Corporation
	Product:	Microsoft® Windows® Operating System
	FileDesc:	Windows NT 
	FileVer:	6.1.7601.23864
	ProdVer:	6.1.7601.23864

Module 23
C:\Windows\syswow64\PSAPI.DLL
Image Base: 0x77570000 Image Size: 0x00005000
Checksum:   0x0000CCD3 Time Stamp: 0x4A5BDACE
File Size:  6144       File Time:  14/7/2009 01:16:12
Version Information:
	Company:	Microsoft Corporation
	Product:	Microsoft® Windows® Operating System
	FileDesc:	Process Status Helper
	FileVer:	6.1.7600.16385
	ProdVer:	6.1.7600.16385

Module 24
C:\Windows\syswow64\RPCRT4.dll
Image Base: 0x777F0000 Image Size: 0x000F0000
Checksum:   0x000AB263 Time Stamp: 0x595FA490
File Size:  666112     File Time:  7/7/2017 15:11:12
Version Information:
	Company:	Microsoft Corporation
	Product:	Microsoft® Windows® Operating System
	FileDesc:	
	FileVer:	6.1.7601.23864
	ProdVer:	6.1.7601.23864

Module 25
C:\Windows\SysWOW64\ntdll.dll
Image Base: 0x77CE0000 Image Size: 0x00180000
Checksum:   0x00142545 Time Stamp: 0x595FA490
File Size:  1314112    File Time:  7/7/2017 15:13:31
Version Information:
	Company:	Microsoft Corporation
	Product:	Microsoft® Windows® Operating System
	FileDesc:	NT 
	FileVer:	6.1.7601.23864
	ProdVer:	6.1.7601.23864

Module 26
E:\MHGLServer\MSVCR71.dll
Image Base: 0x7C360000 Image Size: 0x00056000
Checksum:   0x0005BF56 Time Stamp: 0x44B451E8
File Size:  348160     File Time:  1/7/2017 08:12:03
Version Information:
	Company:	Microsoft Corporation
	Product:	Microsoft® Visual Studio .NET
	FileDesc:	Microsoft® C Runtime Library
	FileVer:	7.10.6030.0
	ProdVer:	7.10.6030.0

Module 27
E:\MHGLServer\MSVCP71.dll
Image Base: 0x7C3C0000 Image Size: 0x0007C000
Checksum:   0x00085B26 Time Stamp: 0x44B451ED
File Size:  503808     File Time:  2/12/2011 06:43:50
Version Information:
	Company:	Microsoft Corporation
	Product:	Microsoft® Visual Studio .NET
	FileDesc:	Microsoft® C++ Runtime Library
	FileVer:	7.10.6030.0
	ProdVer:	7.10.6030.0

=========[End of E:\MHGLServer\Error\2017-09-28 12.56.41.0627 Crash.log]=========
