[2018-05-27 21.03.43] wmain : Service Log Startup: Version 0.5.0.12548.0, Reuben 0.1.0.301.0
[2018-05-27 21.03.43] Reuben::Network::IOCPCModel::PImpl::PImpl : WSAStartup Succeeded, Version 514, HighVersion 514, MaxSockets 0, MaxUdpDg 0, Description WinSock 2.0, SystemStatus Running
[2018-05-27 21.32.39] LogService_Stub::LogCharExp Error : hr 0x80040E14, sess_id 15-1904-5204, exp_type 1000, exp_value -1994, acct_id 5, char_id 9, total_exp: 3006, level: 1
[2018-05-27 21.32.39] Cdbo<class ATL::CCommand<class ATL::CAccessor<class CdboLogChaExpAccessor>,class ATL::CRowset,class ATL::CNoMultipleResults> >::ShowError : CdboLogChaExpAccessor DB Error: hr 0x80040e14: 
Microsoft SQL Native Client:
[2018-05-27 21.32.54] LogService_Stub::LogCharExp Error : hr 0x80040E14, sess_id 15-1904-5204, exp_type 4, exp_value 764594, acct_id 5, char_id 9, total_exp: 767600, level: 1
[2018-05-27 21.32.54] Cdbo<class ATL::CCommand<class ATL::CAccessor<class CdboLogChaExpAccessor>,class ATL::CRowset,class ATL::CNoMultipleResults> >::ShowError : CdboLogChaExpAccessor DB Error: hr 0x80040e14: 
Microsoft SQL Native Client:
[2018-05-27 21.32.54] LogService_Stub::LogCharExp Error : hr 0x80040E14, sess_id 15-1904-5204, exp_type 1000, exp_value -7676, acct_id 5, char_id 9, total_exp: 759924, level: 2
[2018-05-27 21.32.54] Cdbo<class ATL::CCommand<class ATL::CAccessor<class CdboLogChaExpAccessor>,class ATL::CRowset,class ATL::CNoMultipleResults> >::ShowError : CdboLogChaExpAccessor DB Error: hr 0x80040e14: 
Microsoft SQL Native Client:
[2018-05-27 21.32.55] LogService_Stub::LogCharExp Error : hr 0x80040E14, sess_id 15-1904-5204, exp_type 1000, exp_value -13359, acct_id 5, char_id 9, total_exp: 746565, level: 3
[2018-05-27 21.32.55] Cdbo<class ATL::CCommand<class ATL::CAccessor<class CdboLogChaExpAccessor>,class ATL::CRowset,class ATL::CNoMultipleResults> >::ShowError : CdboLogChaExpAccessor DB Error: hr 0x80040e14: 
Microsoft SQL Native Client:
[2018-05-27 21.32.55] LogService_Stub::LogCharExp Error : hr 0x80040E14, sess_id 15-1904-5204, exp_type 1000, exp_value -19042, acct_id 5, char_id 9, total_exp: 727523, level: 4
[2018-05-27 21.32.55] Cdbo<class ATL::CCommand<class ATL::CAccessor<class CdboLogChaExpAccessor>,class ATL::CRowset,class ATL::CNoMultipleResults> >::ShowError : CdboLogChaExpAccessor DB Error: hr 0x80040e14: 
Microsoft SQL Native Client:
[2018-05-27 21.32.55] LogService_Stub::LogCharExp Error : hr 0x80040E14, sess_id 15-1904-5204, exp_type 1000, exp_value -24724, acct_id 5, char_id 9, total_exp: 702799, level: 5
[2018-05-27 21.32.55] Cdbo<class ATL::CCommand<class ATL::CAccessor<class CdboLogChaExpAccessor>,class ATL::CRowset,class ATL::CNoMultipleResults> >::ShowError : CdboLogChaExpAccessor DB Error: hr 0x80040e14: 
Microsoft SQL Native Client:
[2018-05-27 21.32.55] LogService_Stub::LogCharExp Error : hr 0x80040E14, sess_id 15-1904-5204, exp_type 1000, exp_value -30407, acct_id 5, char_id 9, total_exp: 672392, level: 6
[2018-05-27 21.32.55] Cdbo<class ATL::CCommand<class ATL::CAccessor<class CdboLogChaExpAccessor>,class ATL::CRowset,class ATL::CNoMultipleResults> >::ShowError : CdboLogChaExpAccessor DB Error: hr 0x80040e14: 
Microsoft SQL Native Client:
[2018-05-27 21.32.55] LogService_Stub::LogCharExp Error : hr 0x80040E14, sess_id 15-1904-5204, exp_type 1000, exp_value -36089, acct_id 5, char_id 9, total_exp: 636303, level: 7
[2018-05-27 21.32.55] Cdbo<class ATL::CCommand<class ATL::CAccessor<class CdboLogChaExpAccessor>,class ATL::CRowset,class ATL::CNoMultipleResults> >::ShowError : CdboLogChaExpAccessor DB Error: hr 0x80040e14: 
Microsoft SQL Native Client:
[2018-05-27 21.32.55] LogService_Stub::LogCharExp Error : hr 0x80040E14, sess_id 15-1904-5204, exp_type 1000, exp_value -41772, acct_id 5, char_id 9, total_exp: 594531, level: 8
[2018-05-27 21.32.55] Cdbo<class ATL::CCommand<class ATL::CAccessor<class CdboLogChaExpAccessor>,class ATL::CRowset,class ATL::CNoMultipleResults> >::ShowError : CdboLogChaExpAccessor DB Error: hr 0x80040e14: 
Microsoft SQL Native Client:
[2018-05-27 21.32.55] LogService_Stub::LogCharExp Error : hr 0x80040E14, sess_id 15-1904-5204, exp_type 1000, exp_value -47455, acct_id 5, char_id 9, total_exp: 547076, level: 9
[2018-05-27 21.32.55] Cdbo<class ATL::CCommand<class ATL::CAccessor<class CdboLogChaExpAccessor>,class ATL::CRowset,class ATL::CNoMultipleResults> >::ShowError : CdboLogChaExpAccessor DB Error: hr 0x80040e14: 
Microsoft SQL Native Client:
[2018-05-27 21.32.59] LogService_Stub::LogCharExp Error : hr 0x80040E14, sess_id 15-1904-5204, exp_type 1000, exp_value -53137, acct_id 5, char_id 9, total_exp: 493939, level: 10
[2018-05-27 21.32.59] Cdbo<class ATL::CCommand<class ATL::CAccessor<class CdboLogChaExpAccessor>,class ATL::CRowset,class ATL::CNoMultipleResults> >::ShowError : CdboLogChaExpAccessor DB Error: hr 0x80040e14: 
Microsoft SQL Native Client:
[2018-05-27 21.33.00] LogService_Stub::LogCharExp Error : hr 0x80040E14, sess_id 15-1904-5204, exp_type 1000, exp_value -84581, acct_id 5, char_id 9, total_exp: 409358, level: 11
[2018-05-27 21.33.00] Cdbo<class ATL::CCommand<class ATL::CAccessor<class CdboLogChaExpAccessor>,class ATL::CRowset,class ATL::CNoMultipleResults> >::ShowError : CdboLogChaExpAccessor DB Error: hr 0x80040e14: 
Microsoft SQL Native Client:
[2018-05-27 21.33.01] LogService_Stub::LogCharExp Error : hr 0x80040E14, sess_id 15-1904-5204, exp_type 1000, exp_value -116025, acct_id 5, char_id 9, total_exp: 293333, level: 12
[2018-05-27 21.33.01] Cdbo<class ATL::CCommand<class ATL::CAccessor<class CdboLogChaExpAccessor>,class ATL::CRowset,class ATL::CNoMultipleResults> >::ShowError : CdboLogChaExpAccessor DB Error: hr 0x80040e14: 
Microsoft SQL Native Client:
[2018-05-27 21.33.01] LogService_Stub::LogCharExp Error : hr 0x80040E14, sess_id 15-1904-5204, exp_type 1000, exp_value -147468, acct_id 5, char_id 9, total_exp: 145865, level: 13
[2018-05-27 21.33.01] Cdbo<class ATL::CCommand<class ATL::CAccessor<class CdboLogChaExpAccessor>,class ATL::CRowset,class ATL::CNoMultipleResults> >::ShowError : CdboLogChaExpAccessor DB Error: hr 0x80040e14: 
Microsoft SQL Native Client:
[2018-05-27 21.33.03] LogService_Stub::LogCharExp Error : hr 0x80040E14, sess_id 15-1904-5204, exp_type 4, exp_value 10000000, acct_id 5, char_id 9, total_exp: 10145865, level: 13
[2018-05-27 21.33.03] Cdbo<class ATL::CCommand<class ATL::CAccessor<class CdboLogChaExpAccessor>,class ATL::CRowset,class ATL::CNoMultipleResults> >::ShowError : CdboLogChaExpAccessor DB Error: hr 0x80040e14: 
Microsoft SQL Native Client:
[2018-05-27 21.33.04] LogService_Stub::LogCharExp Error : hr 0x80040E14, sess_id 15-1904-5204, exp_type 1000, exp_value -178912, acct_id 5, char_id 9, total_exp: 9966953, level: 14
[2018-05-27 21.33.04] Cdbo<class ATL::CCommand<class ATL::CAccessor<class CdboLogChaExpAccessor>,class ATL::CRowset,class ATL::CNoMultipleResults> >::ShowError : CdboLogChaExpAccessor DB Error: hr 0x80040e14: 
Microsoft SQL Native Client:
[2018-05-27 21.33.05] LogService_Stub::LogCharExp Error : hr 0x80040E14, sess_id 15-1904-5204, exp_type 1000, exp_value -210356, acct_id 5, char_id 9, total_exp: 9756597, level: 15
[2018-05-27 21.33.05] Cdbo<class ATL::CCommand<class ATL::CAccessor<class CdboLogChaExpAccessor>,class ATL::CRowset,class ATL::CNoMultipleResults> >::ShowError : CdboLogChaExpAccessor DB Error: hr 0x80040e14: 
Microsoft SQL Native Client:
[2018-05-27 21.33.06] LogService_Stub::LogCharExp Error : hr 0x80040E14, sess_id 15-1904-5204, exp_type 1000, exp_value -241799, acct_id 5, char_id 9, total_exp: 9514798, level: 16
[2018-05-27 21.33.06] Cdbo<class ATL::CCommand<class ATL::CAccessor<class CdboLogChaExpAccessor>,class ATL::CRowset,class ATL::CNoMultipleResults> >::ShowError : CdboLogChaExpAccessor DB Error: hr 0x80040e14: 
Microsoft SQL Native Client:
[2018-05-27 21.33.07] LogService_Stub::LogCharExp Error : hr 0x80040E14, sess_id 15-1904-5204, exp_type 1000, exp_value -273243, acct_id 5, char_id 9, total_exp: 9241555, level: 17
[2018-05-27 21.33.07] Cdbo<class ATL::CCommand<class ATL::CAccessor<class CdboLogChaExpAccessor>,class ATL::CRowset,class ATL::CNoMultipleResults> >::ShowError : CdboLogChaExpAccessor DB Error: hr 0x80040e14: 
Microsoft SQL Native Client:
[2018-05-27 21.33.08] LogService_Stub::LogCharExp Error : hr 0x80040E14, sess_id 15-1904-5204, exp_type 1000, exp_value -304687, acct_id 5, char_id 9, total_exp: 8936868, level: 18
[2018-05-27 21.33.08] Cdbo<class ATL::CCommand<class ATL::CAccessor<class CdboLogChaExpAccessor>,class ATL::CRowset,class ATL::CNoMultipleResults> >::ShowError : CdboLogChaExpAccessor DB Error: hr 0x80040e14: 
Microsoft SQL Native Client:
[2018-05-27 21.33.08] LogService_Stub::LogCharExp Error : hr 0x80040E14, sess_id 15-1904-5204, exp_type 1000, exp_value -336131, acct_id 5, char_id 9, total_exp: 8600737, level: 19
[2018-05-27 21.33.08] Cdbo<class ATL::CCommand<class ATL::CAccessor<class CdboLogChaExpAccessor>,class ATL::CRowset,class ATL::CNoMultipleResults> >::ShowError : CdboLogChaExpAccessor DB Error: hr 0x80040e14: 
Microsoft SQL Native Client:
[2018-05-27 21.33.09] LogService_Stub::LogCharExp Error : hr 0x80040E14, sess_id 15-1904-5204, exp_type 1000, exp_value -367574, acct_id 5, char_id 9, total_exp: 8233163, level: 20
[2018-05-27 21.33.09] Cdbo<class ATL::CCommand<class ATL::CAccessor<class CdboLogChaExpAccessor>,class ATL::CRowset,class ATL::CNoMultipleResults> >::ShowError : CdboLogChaExpAccessor DB Error: hr 0x80040e14: 
Microsoft SQL Native Client:
[2018-05-27 21.33.10] LogService_Stub::LogCharExp Error : hr 0x80040E14, sess_id 15-1904-5204, exp_type 1000, exp_value -383486, acct_id 5, char_id 9, total_exp: 7849677, level: 21
[2018-05-27 21.33.10] Cdbo<class ATL::CCommand<class ATL::CAccessor<class CdboLogChaExpAccessor>,class ATL::CRowset,class ATL::CNoMultipleResults> >::ShowError : CdboLogChaExpAccessor DB Error: hr 0x80040e14: 
Microsoft SQL Native Client:
[2018-05-27 21.33.10] LogService_Stub::LogCharExp Error : hr 0x80040E14, sess_id 15-1904-5204, exp_type 1000, exp_value -399397, acct_id 5, char_id 9, total_exp: 7450280, level: 22
[2018-05-27 21.33.10] Cdbo<class ATL::CCommand<class ATL::CAccessor<class CdboLogChaExpAccessor>,class ATL::CRowset,class ATL::CNoMultipleResults> >::ShowError : CdboLogChaExpAccessor DB Error: hr 0x80040e14: 
Microsoft SQL Native Client:
[2018-05-27 21.33.11] LogService_Stub::LogCharExp Error : hr 0x80040E14, sess_id 15-1904-5204, exp_type 1000, exp_value -415308, acct_id 5, char_id 9, total_exp: 7034972, level: 23
[2018-05-27 21.33.11] Cdbo<class ATL::CCommand<class ATL::CAccessor<class CdboLogChaExpAccessor>,class ATL::CRowset,class ATL::CNoMultipleResults> >::ShowError : CdboLogChaExpAccessor DB Error: hr 0x80040e14: 
Microsoft SQL Native Client:
[2018-05-27 21.33.12] LogService_Stub::LogCharExp Error : hr 0x80040E14, sess_id 15-1904-5204, exp_type 1000, exp_value -431219, acct_id 5, char_id 9, total_exp: 6603753, level: 24
[2018-05-27 21.33.12] Cdbo<class ATL::CCommand<class ATL::CAccessor<class CdboLogChaExpAccessor>,class ATL::CRowset,class ATL::CNoMultipleResults> >::ShowError : CdboLogChaExpAccessor DB Error: hr 0x80040e14: 
Microsoft SQL Native Client:
[2018-05-27 21.33.13] LogService_Stub::LogCharExp Error : hr 0x80040E14, sess_id 15-1904-5204, exp_type 1000, exp_value -447131, acct_id 5, char_id 9, total_exp: 6156622, level: 25
[2018-05-27 21.33.13] Cdbo<class ATL::CCommand<class ATL::CAccessor<class CdboLogChaExpAccessor>,class ATL::CRowset,class ATL::CNoMultipleResults> >::ShowError : CdboLogChaExpAccessor DB Error: hr 0x80040e14: 
Microsoft SQL Native Client:
[2018-05-27 21.33.13] LogService_Stub::LogCharExp Error : hr 0x80040E14, sess_id 15-1904-5204, exp_type 1000, exp_value -463042, acct_id 5, char_id 9, total_exp: 5693580, level: 26
[2018-05-27 21.33.13] Cdbo<class ATL::CCommand<class ATL::CAccessor<class CdboLogChaExpAccessor>,class ATL::CRowset,class ATL::CNoMultipleResults> >::ShowError : CdboLogChaExpAccessor DB Error: hr 0x80040e14: 
Microsoft SQL Native Client:
[2018-05-27 21.33.14] LogService_Stub::LogCharExp Error : hr 0x80040E14, sess_id 15-1904-5204, exp_type 1000, exp_value -478953, acct_id 5, char_id 9, total_exp: 5214627, level: 27
[2018-05-27 21.33.14] Cdbo<class ATL::CCommand<class ATL::CAccessor<class CdboLogChaExpAccessor>,class ATL::CRowset,class ATL::CNoMultipleResults> >::ShowError : CdboLogChaExpAccessor DB Error: hr 0x80040e14: 
Microsoft SQL Native Client:
[2018-05-27 21.33.15] LogService_Stub::LogCharExp Error : hr 0x80040E14, sess_id 15-1904-5204, exp_type 1000, exp_value -494865, acct_id 5, char_id 9, total_exp: 4719762, level: 28
[2018-05-27 21.33.15] Cdbo<class ATL::CCommand<class ATL::CAccessor<class CdboLogChaExpAccessor>,class ATL::CRowset,class ATL::CNoMultipleResults> >::ShowError : CdboLogChaExpAccessor DB Error: hr 0x80040e14: 
Microsoft SQL Native Client:
[2018-05-27 21.33.15] LogService_Stub::LogCharExp Error : hr 0x80040E14, sess_id 15-1904-5204, exp_type 1000, exp_value -510776, acct_id 5, char_id 9, total_exp: 4208986, level: 29
[2018-05-27 21.33.15] Cdbo<class ATL::CCommand<class ATL::CAccessor<class CdboLogChaExpAccessor>,class ATL::CRowset,class ATL::CNoMultipleResults> >::ShowError : CdboLogChaExpAccessor DB Error: hr 0x80040e14: 
Microsoft SQL Native Client:
[2018-05-27 21.33.16] LogService_Stub::LogCharExp Error : hr 0x80040E14, sess_id 15-1904-5204, exp_type 1000, exp_value -526687, acct_id 5, char_id 9, total_exp: 3682299, level: 30
[2018-05-27 21.33.16] Cdbo<class ATL::CCommand<class ATL::CAccessor<class CdboLogChaExpAccessor>,class ATL::CRowset,class ATL::CNoMultipleResults> >::ShowError : CdboLogChaExpAccessor DB Error: hr 0x80040e14: 
Microsoft SQL Native Client:
[2018-05-27 21.33.17] LogService_Stub::LogCharExp Error : hr 0x80040E14, sess_id 15-1904-5204, exp_type 1000, exp_value -603213, acct_id 5, char_id 9, total_exp: 3079086, level: 31
[2018-05-27 21.33.17] Cdbo<class ATL::CCommand<class ATL::CAccessor<class CdboLogChaExpAccessor>,class ATL::CRowset,class ATL::CNoMultipleResults> >::ShowError : CdboLogChaExpAccessor DB Error: hr 0x80040e14: 
Microsoft SQL Native Client:
[2018-05-27 21.33.17] LogService_Stub::LogCharExp Error : hr 0x80040E14, sess_id 15-1904-5204, exp_type 1000, exp_value -679738, acct_id 5, char_id 9, total_exp: 2399348, level: 32
[2018-05-27 21.33.17] Cdbo<class ATL::CCommand<class ATL::CAccessor<class CdboLogChaExpAccessor>,class ATL::CRowset,class ATL::CNoMultipleResults> >::ShowError : CdboLogChaExpAccessor DB Error: hr 0x80040e14: 
Microsoft SQL Native Client:
[2018-05-27 21.33.18] LogService_Stub::LogCharExp Error : hr 0x80040E14, sess_id 15-1904-5204, exp_type 1000, exp_value -756264, acct_id 5, char_id 9, total_exp: 1643084, level: 33
[2018-05-27 21.33.18] Cdbo<class ATL::CCommand<class ATL::CAccessor<class CdboLogChaExpAccessor>,class ATL::CRowset,class ATL::CNoMultipleResults> >::ShowError : CdboLogChaExpAccessor DB Error: hr 0x80040e14: 
Microsoft SQL Native Client:
[2018-05-27 21.33.18] LogService_Stub::LogCharExp Error : hr 0x80040E14, sess_id 15-1904-5204, exp_type 1000, exp_value -832790, acct_id 5, char_id 9, total_exp: 810294, level: 34
[2018-05-27 21.33.18] Cdbo<class ATL::CCommand<class ATL::CAccessor<class CdboLogChaExpAccessor>,class ATL::CRowset,class ATL::CNoMultipleResults> >::ShowError : CdboLogChaExpAccessor DB Error: hr 0x80040e14: 
Microsoft SQL Native Client:
[2018-05-27 21.33.20] LogService_Stub::LogCharExp Error : hr 0x80040E14, sess_id 15-1904-5204, exp_type 4, exp_value 10000000, acct_id 5, char_id 9, total_exp: 10810294, level: 34
[2018-05-27 21.33.20] Cdbo<class ATL::CCommand<class ATL::CAccessor<class CdboLogChaExpAccessor>,class ATL::CRowset,class ATL::CNoMultipleResults> >::ShowError : CdboLogChaExpAccessor DB Error: hr 0x80040e14: 
Microsoft SQL Native Client:
[2018-05-27 21.33.22] LogService_Stub::LogCharExp Error : hr 0x80040E14, sess_id 15-1904-5204, exp_type 1000, exp_value -909316, acct_id 5, char_id 9, total_exp: 9900978, level: 35
[2018-05-27 21.33.22] Cdbo<class ATL::CCommand<class ATL::CAccessor<class CdboLogChaExpAccessor>,class ATL::CRowset,class ATL::CNoMultipleResults> >::ShowError : CdboLogChaExpAccessor DB Error: hr 0x80040e14: 
Microsoft SQL Native Client:
[2018-05-27 21.33.22] LogService_Stub::LogCharExp Error : hr 0x80040E14, sess_id 15-1904-5204, exp_type 1000, exp_value -985841, acct_id 5, char_id 9, total_exp: 8915137, level: 36
[2018-05-27 21.33.22] Cdbo<class ATL::CCommand<class ATL::CAccessor<class CdboLogChaExpAccessor>,class ATL::CRowset,class ATL::CNoMultipleResults> >::ShowError : CdboLogChaExpAccessor DB Error: hr 0x80040e14: 
Microsoft SQL Native Client:
[2018-05-27 21.33.23] LogService_Stub::LogCharExp Error : hr 0x80040E14, sess_id 15-1904-5204, exp_type 1000, exp_value -1062367, acct_id 5, char_id 9, total_exp: 7852770, level: 37
[2018-05-27 21.33.23] Cdbo<class ATL::CCommand<class ATL::CAccessor<class CdboLogChaExpAccessor>,class ATL::CRowset,class ATL::CNoMultipleResults> >::ShowError : CdboLogChaExpAccessor DB Error: hr 0x80040e14: 
Microsoft SQL Native Client:
[2018-05-27 21.33.24] LogService_Stub::LogCharExp Error : hr 0x80040E14, sess_id 15-1904-5204, exp_type 1000, exp_value -1138893, acct_id 5, char_id 9, total_exp: 6713877, level: 38
[2018-05-27 21.33.24] Cdbo<class ATL::CCommand<class ATL::CAccessor<class CdboLogChaExpAccessor>,class ATL::CRowset,class ATL::CNoMultipleResults> >::ShowError : CdboLogChaExpAccessor DB Error: hr 0x80040e14: 
Microsoft SQL Native Client:
[2018-05-27 21.33.24] LogService_Stub::LogCharExp Error : hr 0x80040E14, sess_id 15-1904-5204, exp_type 1000, exp_value -1215418, acct_id 5, char_id 9, total_exp: 5498459, level: 39
[2018-05-27 21.33.24] Cdbo<class ATL::CCommand<class ATL::CAccessor<class CdboLogChaExpAccessor>,class ATL::CRowset,class ATL::CNoMultipleResults> >::ShowError : CdboLogChaExpAccessor DB Error: hr 0x80040e14: 
Microsoft SQL Native Client:
[2018-05-27 21.33.25] LogService_Stub::LogCharExp Error : hr 0x80040E14, sess_id 15-1904-5204, exp_type 1000, exp_value -1291944, acct_id 5, char_id 9, total_exp: 4206515, level: 40
[2018-05-27 21.33.25] Cdbo<class ATL::CCommand<class ATL::CAccessor<class CdboLogChaExpAccessor>,class ATL::CRowset,class ATL::CNoMultipleResults> >::ShowError : CdboLogChaExpAccessor DB Error: hr 0x80040e14: 
Microsoft SQL Native Client:
[2018-05-27 21.33.25] LogService_Stub::LogCharExp Error : hr 0x80040E14, sess_id 15-1904-5204, exp_type 1000, exp_value -1431357, acct_id 5, char_id 9, total_exp: 2775158, level: 41
[2018-05-27 21.33.25] Cdbo<class ATL::CCommand<class ATL::CAccessor<class CdboLogChaExpAccessor>,class ATL::CRowset,class ATL::CNoMultipleResults> >::ShowError : CdboLogChaExpAccessor DB Error: hr 0x80040e14: 
Microsoft SQL Native Client:
[2018-05-27 21.33.26] LogService_Stub::LogCharExp Error : hr 0x80040E14, sess_id 15-1904-5204, exp_type 1000, exp_value -1570770, acct_id 5, char_id 9, total_exp: 1204388, level: 42
[2018-05-27 21.33.26] Cdbo<class ATL::CCommand<class ATL::CAccessor<class CdboLogChaExpAccessor>,class ATL::CRowset,class ATL::CNoMultipleResults> >::ShowError : CdboLogChaExpAccessor DB Error: hr 0x80040e14: 
Microsoft SQL Native Client:
[2018-05-27 21.33.28] LogService_Stub::LogCharExp Error : hr 0x80040E14, sess_id 15-1904-5204, exp_type 4, exp_value 10000000, acct_id 5, char_id 9, total_exp: 11204388, level: 42
[2018-05-27 21.33.28] Cdbo<class ATL::CCommand<class ATL::CAccessor<class CdboLogChaExpAccessor>,class ATL::CRowset,class ATL::CNoMultipleResults> >::ShowError : CdboLogChaExpAccessor DB Error: hr 0x80040e14: 
Microsoft SQL Native Client:
[2018-05-27 21.33.30] LogService_Stub::LogCharExp Error : hr 0x80040E14, sess_id 15-1904-5204, exp_type 1000, exp_value -1710183, acct_id 5, char_id 9, total_exp: 9494205, level: 43
[2018-05-27 21.33.30] Cdbo<class ATL::CCommand<class ATL::CAccessor<class CdboLogChaExpAccessor>,class ATL::CRowset,class ATL::CNoMultipleResults> >::ShowError : CdboLogChaExpAccessor DB Error: hr 0x80040e14: 
Microsoft SQL Native Client:
[2018-05-27 21.33.30] LogService_Stub::LogCharExp Error : hr 0x80040E14, sess_id 15-1904-5204, exp_type 1000, exp_value -1849596, acct_id 5, char_id 9, total_exp: 7644609, level: 44
[2018-05-27 21.33.30] Cdbo<class ATL::CCommand<class ATL::CAccessor<class CdboLogChaExpAccessor>,class ATL::CRowset,class ATL::CNoMultipleResults> >::ShowError : CdboLogChaExpAccessor DB Error: hr 0x80040e14: 
Microsoft SQL Native Client:
[2018-05-27 21.33.31] LogService_Stub::LogCharExp Error : hr 0x80040E14, sess_id 15-1904-5204, exp_type 1000, exp_value -1989009, acct_id 5, char_id 9, total_exp: 5655600, level: 45
[2018-05-27 21.33.31] Cdbo<class ATL::CCommand<class ATL::CAccessor<class CdboLogChaExpAccessor>,class ATL::CRowset,class ATL::CNoMultipleResults> >::ShowError : CdboLogChaExpAccessor DB Error: hr 0x80040e14: 
Microsoft SQL Native Client:
[2018-05-27 21.33.32] LogService_Stub::LogCharExp Error : hr 0x80040E14, sess_id 15-1904-5204, exp_type 1000, exp_value -2128423, acct_id 5, char_id 9, total_exp: 3527177, level: 46
[2018-05-27 21.33.32] Cdbo<class ATL::CCommand<class ATL::CAccessor<class CdboLogChaExpAccessor>,class ATL::CRowset,class ATL::CNoMultipleResults> >::ShowError : CdboLogChaExpAccessor DB Error: hr 0x80040e14: 
Microsoft SQL Native Client:
[2018-05-27 21.33.33] LogService_Stub::LogCharExp Error : hr 0x80040E14, sess_id 15-1904-5204, exp_type 1000, exp_value -2267836, acct_id 5, char_id 9, total_exp: 1259341, level: 47
[2018-05-27 21.33.33] Cdbo<class ATL::CCommand<class ATL::CAccessor<class CdboLogChaExpAccessor>,class ATL::CRowset,class ATL::CNoMultipleResults> >::ShowError : CdboLogChaExpAccessor DB Error: hr 0x80040e14: 
Microsoft SQL Native Client:
[2018-05-27 21.33.34] LogService_Stub::LogCharExp Error : hr 0x80040E14, sess_id 15-1904-5204, exp_type 4, exp_value 10000000, acct_id 5, char_id 9, total_exp: 11259341, level: 47
[2018-05-27 21.33.34] Cdbo<class ATL::CCommand<class ATL::CAccessor<class CdboLogChaExpAccessor>,class ATL::CRowset,class ATL::CNoMultipleResults> >::ShowError : CdboLogChaExpAccessor DB Error: hr 0x80040e14: 
Microsoft SQL Native Client:
[2018-05-27 21.33.35] LogService_Stub::LogCharExp Error : hr 0x80040E14, sess_id 15-1904-5204, exp_type 1000, exp_value -2407249, acct_id 5, char_id 9, total_exp: 8852092, level: 48
[2018-05-27 21.33.35] Cdbo<class ATL::CCommand<class ATL::CAccessor<class CdboLogChaExpAccessor>,class ATL::CRowset,class ATL::CNoMultipleResults> >::ShowError : CdboLogChaExpAccessor DB Error: hr 0x80040e14: 
Microsoft SQL Native Client:
[2018-05-27 21.33.36] LogService_Stub::LogCharExp Error : hr 0x80040E14, sess_id 15-1904-5204, exp_type 1000, exp_value -2546662, acct_id 5, char_id 9, total_exp: 6305430, level: 49
[2018-05-27 21.33.36] Cdbo<class ATL::CCommand<class ATL::CAccessor<class CdboLogChaExpAccessor>,class ATL::CRowset,class ATL::CNoMultipleResults> >::ShowError : CdboLogChaExpAccessor DB Error: hr 0x80040e14: 
Microsoft SQL Native Client:
[2018-05-27 21.33.37] LogService_Stub::LogCharExp Error : hr 0x80040E14, sess_id 15-1904-5204, exp_type 1000, exp_value -2686075, acct_id 5, char_id 9, total_exp: 3619355, level: 50
[2018-05-27 21.33.37] Cdbo<class ATL::CCommand<class ATL::CAccessor<class CdboLogChaExpAccessor>,class ATL::CRowset,class ATL::CNoMultipleResults> >::ShowError : CdboLogChaExpAccessor DB Error: hr 0x80040e14: 
Microsoft SQL Native Client:
[2018-05-27 21.33.37] LogService_Stub::LogCharExp Error : hr 0x80040E14, sess_id 15-1904-5204, exp_type 1008, exp_value 0, acct_id 5, char_id 9, total_exp: 3619355, level: 50
[2018-05-27 21.33.37] Cdbo<class ATL::CCommand<class ATL::CAccessor<class CdboLogChaExpAccessor>,class ATL::CRowset,class ATL::CNoMultipleResults> >::ShowError : CdboLogChaExpAccessor DB Error: hr 0x80040e14: 
Microsoft SQL Native Client:
[2018-05-27 21.33.38] LogService_Stub::LogCharExp Error : hr 0x80040E14, sess_id 15-1904-5204, exp_type 1000, exp_value -2783816, acct_id 5, char_id 9, total_exp: 835539, level: 51
[2018-05-27 21.33.38] Cdbo<class ATL::CCommand<class ATL::CAccessor<class CdboLogChaExpAccessor>,class ATL::CRowset,class ATL::CNoMultipleResults> >::ShowError : CdboLogChaExpAccessor DB Error: hr 0x80040e14: 
Microsoft SQL Native Client:
[2018-05-27 21.33.39] LogService_Stub::LogCharExp Error : hr 0x80040E14, sess_id 15-1904-5204, exp_type 4, exp_value 10000000, acct_id 5, char_id 9, total_exp: 10835539, level: 51
[2018-05-27 21.33.39] Cdbo<class ATL::CCommand<class ATL::CAccessor<class CdboLogChaExpAccessor>,class ATL::CRowset,class ATL::CNoMultipleResults> >::ShowError : CdboLogChaExpAccessor DB Error: hr 0x80040e14: 
Microsoft SQL Native Client:
[2018-05-27 21.33.40] LogService_Stub::LogCharExp Error : hr 0x80040E14, sess_id 15-1904-5204, exp_type 1000, exp_value -2881557, acct_id 5, char_id 9, total_exp: 7953982, level: 52
[2018-05-27 21.33.40] Cdbo<class ATL::CCommand<class ATL::CAccessor<class CdboLogChaExpAccessor>,class ATL::CRowset,class ATL::CNoMultipleResults> >::ShowError : CdboLogChaExpAccessor DB Error: hr 0x80040e14: 
Microsoft SQL Native Client:
[2018-05-27 21.33.41] LogService_Stub::LogCharExp Error : hr 0x80040E14, sess_id 15-1904-5204, exp_type 1000, exp_value -2979297, acct_id 5, char_id 9, total_exp: 4974685, level: 53
[2018-05-27 21.33.41] Cdbo<class ATL::CCommand<class ATL::CAccessor<class CdboLogChaExpAccessor>,class ATL::CRowset,class ATL::CNoMultipleResults> >::ShowError : CdboLogChaExpAccessor DB Error: hr 0x80040e14: 
Microsoft SQL Native Client:
[2018-05-27 21.33.41] LogService_Stub::LogCharExp Error : hr 0x80040E14, sess_id 15-1904-5204, exp_type 1000, exp_value -3077038, acct_id 5, char_id 9, total_exp: 1897647, level: 54
[2018-05-27 21.33.41] Cdbo<class ATL::CCommand<class ATL::CAccessor<class CdboLogChaExpAccessor>,class ATL::CRowset,class ATL::CNoMultipleResults> >::ShowError : CdboLogChaExpAccessor DB Error: hr 0x80040e14: 
Microsoft SQL Native Client:
[2018-05-27 21.33.43] LogService_Stub::LogCharExp Error : hr 0x80040E14, sess_id 15-1904-5204, exp_type 4, exp_value 10000000, acct_id 5, char_id 9, total_exp: 11897647, level: 54
[2018-05-27 21.33.43] Cdbo<class ATL::CCommand<class ATL::CAccessor<class CdboLogChaExpAccessor>,class ATL::CRowset,class ATL::CNoMultipleResults> >::ShowError : CdboLogChaExpAccessor DB Error: hr 0x80040e14: 
Microsoft SQL Native Client:
[2018-05-27 21.33.44] LogService_Stub::LogCharExp Error : hr 0x80040E14, sess_id 15-1904-5204, exp_type 1000, exp_value -3174779, acct_id 5, char_id 9, total_exp: 8722868, level: 55
[2018-05-27 21.33.44] Cdbo<class ATL::CCommand<class ATL::CAccessor<class CdboLogChaExpAccessor>,class ATL::CRowset,class ATL::CNoMultipleResults> >::ShowError : CdboLogChaExpAccessor DB Error: hr 0x80040e14: 
Microsoft SQL Native Client:
[2018-05-27 21.33.45] LogService_Stub::LogCharExp Error : hr 0x80040E14, sess_id 15-1904-5204, exp_type 1000, exp_value -3272519, acct_id 5, char_id 9, total_exp: 5450349, level: 56
[2018-05-27 21.33.45] Cdbo<class ATL::CCommand<class ATL::CAccessor<class CdboLogChaExpAccessor>,class ATL::CRowset,class ATL::CNoMultipleResults> >::ShowError : CdboLogChaExpAccessor DB Error: hr 0x80040e14: 
Microsoft SQL Native Client:
[2018-05-27 21.33.45] LogService_Stub::LogCharExp Error : hr 0x80040E14, sess_id 15-1904-5204, exp_type 1000, exp_value -3370260, acct_id 5, char_id 9, total_exp: 2080089, level: 57
[2018-05-27 21.33.45] Cdbo<class ATL::CCommand<class ATL::CAccessor<class CdboLogChaExpAccessor>,class ATL::CRowset,class ATL::CNoMultipleResults> >::ShowError : CdboLogChaExpAccessor DB Error: hr 0x80040e14: 
Microsoft SQL Native Client:
[2018-05-27 21.33.47] LogService_Stub::LogCharExp Error : hr 0x80040E14, sess_id 15-1904-5204, exp_type 4, exp_value 10000000, acct_id 5, char_id 9, total_exp: 12080089, level: 57
[2018-05-27 21.33.47] Cdbo<class ATL::CCommand<class ATL::CAccessor<class CdboLogChaExpAccessor>,class ATL::CRowset,class ATL::CNoMultipleResults> >::ShowError : CdboLogChaExpAccessor DB Error: hr 0x80040e14: 
Microsoft SQL Native Client:
[2018-05-27 21.33.49] LogService_Stub::LogCharExp Error : hr 0x80040E14, sess_id 15-1904-5204, exp_type 1000, exp_value -3468001, acct_id 5, char_id 9, total_exp: 8612088, level: 58
[2018-05-27 21.33.49] Cdbo<class ATL::CCommand<class ATL::CAccessor<class CdboLogChaExpAccessor>,class ATL::CRowset,class ATL::CNoMultipleResults> >::ShowError : CdboLogChaExpAccessor DB Error: hr 0x80040e14: 
Microsoft SQL Native Client:
[2018-05-27 21.33.50] LogService_Stub::LogCharExp Error : hr 0x80040E14, sess_id 15-1904-5204, exp_type 1000, exp_value -3565742, acct_id 5, char_id 9, total_exp: 5046346, level: 59
[2018-05-27 21.33.50] Cdbo<class ATL::CCommand<class ATL::CAccessor<class CdboLogChaExpAccessor>,class ATL::CRowset,class ATL::CNoMultipleResults> >::ShowError : CdboLogChaExpAccessor DB Error: hr 0x80040e14: 
Microsoft SQL Native Client:
[2018-05-27 21.33.50] LogService_Stub::LogCharExp Error : hr 0x80040E14, sess_id 15-1904-5204, exp_type 1000, exp_value -3663482, acct_id 5, char_id 9, total_exp: 1382864, level: 60
[2018-05-27 21.33.50] Cdbo<class ATL::CCommand<class ATL::CAccessor<class CdboLogChaExpAccessor>,class ATL::CRowset,class ATL::CNoMultipleResults> >::ShowError : CdboLogChaExpAccessor DB Error: hr 0x80040e14: 
Microsoft SQL Native Client:
[2018-05-27 21.37.55] LogService_Stub::LogCharExp Error : hr 0x80040E14, sess_id 15-1904-5204, exp_type 29, exp_value 0, acct_id 5, char_id 9, total_exp: 1397864, level: 60
[2018-05-27 21.37.55] Cdbo<class ATL::CCommand<class ATL::CAccessor<class CdboLogChaExpAccessor>,class ATL::CRowset,class ATL::CNoMultipleResults> >::ShowError : CdboLogChaExpAccessor DB Error: hr 0x80040e14: 
Microsoft SQL Native Client:
[2018-05-27 21.37.55] LogService_Stub::LogCharExp Error : hr 0x80040E14, sess_id 15-1904-5204, exp_type 29, exp_value 0, acct_id 5, char_id 9, total_exp: 1397864, level: 60
[2018-05-27 21.37.55] Cdbo<class ATL::CCommand<class ATL::CAccessor<class CdboLogChaExpAccessor>,class ATL::CRowset,class ATL::CNoMultipleResults> >::ShowError : CdboLogChaExpAccessor DB Error: hr 0x80040e14: 
Microsoft SQL Native Client:
[2018-05-27 21.37.55] LogService_Stub::LogCharExp Error : hr 0x80040E14, sess_id 15-1904-5204, exp_type 29, exp_value 0, acct_id 5, char_id 9, total_exp: 1397864, level: 60
[2018-05-27 21.37.55] Cdbo<class ATL::CCommand<class ATL::CAccessor<class CdboLogChaExpAccessor>,class ATL::CRowset,class ATL::CNoMultipleResults> >::ShowError : CdboLogChaExpAccessor DB Error: hr 0x80040e14: 
Microsoft SQL Native Client:
[2018-05-27 21.37.56] LogService_Stub::LogCharExp Error : hr 0x80040E14, sess_id 15-1904-5204, exp_type 29, exp_value 0, acct_id 5, char_id 9, total_exp: 1397864, level: 60
[2018-05-27 21.37.56] Cdbo<class ATL::CCommand<class ATL::CAccessor<class CdboLogChaExpAccessor>,class ATL::CRowset,class ATL::CNoMultipleResults> >::ShowError : CdboLogChaExpAccessor DB Error: hr 0x80040e14: 
Microsoft SQL Native Client:
[2018-05-27 21.37.57] LogService_Stub::LogCharExp Error : hr 0x80040E14, sess_id 15-1904-5204, exp_type 29, exp_value 0, acct_id 5, char_id 9, total_exp: 1397864, level: 60
[2018-05-27 21.37.57] Cdbo<class ATL::CCommand<class ATL::CAccessor<class CdboLogChaExpAccessor>,class ATL::CRowset,class ATL::CNoMultipleResults> >::ShowError : CdboLogChaExpAccessor DB Error: hr 0x80040e14: 
Microsoft SQL Native Client:
[2018-05-27 21.37.57] LogService_Stub::LogCharExp Error : hr 0x80040E14, sess_id 15-1904-5204, exp_type 29, exp_value 0, acct_id 5, char_id 9, total_exp: 1397864, level: 60
[2018-05-27 21.37.57] Cdbo<class ATL::CCommand<class ATL::CAccessor<class CdboLogChaExpAccessor>,class ATL::CRowset,class ATL::CNoMultipleResults> >::ShowError : CdboLogChaExpAccessor DB Error: hr 0x80040e14: 
Microsoft SQL Native Client:
[2018-05-27 21.37.57] LogService_Stub::LogCharExp Error : hr 0x80040E14, sess_id 15-1904-5204, exp_type 29, exp_value 0, acct_id 5, char_id 9, total_exp: 1397864, level: 60
[2018-05-27 21.37.57] Cdbo<class ATL::CCommand<class ATL::CAccessor<class CdboLogChaExpAccessor>,class ATL::CRowset,class ATL::CNoMultipleResults> >::ShowError : CdboLogChaExpAccessor DB Error: hr 0x80040e14: 
Microsoft SQL Native Client:
[2018-05-27 21.37.58] LogService_Stub::LogCharExp Error : hr 0x80040E14, sess_id 15-1904-5204, exp_type 29, exp_value 0, acct_id 5, char_id 9, total_exp: 1397864, level: 60
[2018-05-27 21.37.58] Cdbo<class ATL::CCommand<class ATL::CAccessor<class CdboLogChaExpAccessor>,class ATL::CRowset,class ATL::CNoMultipleResults> >::ShowError : CdboLogChaExpAccessor DB Error: hr 0x80040e14: 
Microsoft SQL Native Client:
[2018-05-27 21.37.58] LogService_Stub::LogCharExp Error : hr 0x80040E14, sess_id 15-1904-5204, exp_type 29, exp_value 0, acct_id 5, char_id 9, total_exp: 1397864, level: 60
[2018-05-27 21.37.58] Cdbo<class ATL::CCommand<class ATL::CAccessor<class CdboLogChaExpAccessor>,class ATL::CRowset,class ATL::CNoMultipleResults> >::ShowError : CdboLogChaExpAccessor DB Error: hr 0x80040e14: 
Microsoft SQL Native Client:
[2018-05-27 21.37.59] LogService_Stub::LogCharExp Error : hr 0x80040E14, sess_id 15-1904-5204, exp_type 29, exp_value 0, acct_id 5, char_id 9, total_exp: 1397864, level: 60
[2018-05-27 21.37.59] Cdbo<class ATL::CCommand<class ATL::CAccessor<class CdboLogChaExpAccessor>,class ATL::CRowset,class ATL::CNoMultipleResults> >::ShowError : CdboLogChaExpAccessor DB Error: hr 0x80040e14: 
Microsoft SQL Native Client:
[2018-05-27 21.37.59] LogService_Stub::LogCharExp Error : hr 0x80040E14, sess_id 15-1904-5204, exp_type 29, exp_value 0, acct_id 5, char_id 9, total_exp: 1397864, level: 60
[2018-05-27 21.37.59] Cdbo<class ATL::CCommand<class ATL::CAccessor<class CdboLogChaExpAccessor>,class ATL::CRowset,class ATL::CNoMultipleResults> >::ShowError : CdboLogChaExpAccessor DB Error: hr 0x80040e14: 
Microsoft SQL Native Client:
[2018-05-27 21.37.59] LogService_Stub::LogCharExp Error : hr 0x80040E14, sess_id 15-1904-5204, exp_type 29, exp_value 0, acct_id 5, char_id 9, total_exp: 1397864, level: 60
[2018-05-27 21.37.59] Cdbo<class ATL::CCommand<class ATL::CAccessor<class CdboLogChaExpAccessor>,class ATL::CRowset,class ATL::CNoMultipleResults> >::ShowError : CdboLogChaExpAccessor DB Error: hr 0x80040e14: 
Microsoft SQL Native Client:
